19-11-28 14:31:49.849 - INFO:   name: EDVR_train_all_noaug_RB40
  use_tb_logger: False
  model: video_base
  distortion: sr
  scale: 4
  gpu_ids: [6, 7, 8, 9]
  RB_copy: True
  datasets:[
    train:[
      name: unlmdb
      mode: unlmdb
      interval_list: [1]
      random_reverse: False
      border_mode: False
      dataroot_GT: /home/lzy/Downloads/EDVR-master/datasets/all_data/gt
      dataroot_LQ: /home/lzy/Downloads/EDVR-master/datasets/all_data/input
      cache_keys: None
      N_frames: 5
      use_shuffle: True
      n_workers: 4
      batch_size: 4
      GT_size: 1200
      LQ_size: 300
      use_flip: False
      use_rot: False
      random_crop: True
      color: RGB
      cache_data: False
      phase: train
      scale: 4
      data_type: img
    ]
    val:[
      name: REDS4
      mode: video_test
      dataroot_GT: /home/lzy/Downloads/EDVR-master/datasets/pngs/gt
      dataroot_LQ: /home/lzy/Downloads/EDVR-master/datasets/pngs/input
      cache_data: False
      N_frames: 5
      padding: new_info
      phase: val
      scale: 4
      data_type: img
    ]
  ]
  network_G:[
    which_model_G: EDVR
    nf: 64
    nframes: 5
    groups: 8
    front_RBs: 5
    back_RBs: 40
    predeblur: True
    HR_in: False
    w_TSA: True
    scale: 4
  ]
  path:[
    pretrain_model_G: /home/lzy/Downloads/EDVR-master/experiments/EDVR_train_all/models/235000_G.pth
    strict_load: False
    resume_state: None
    root: /home/lzy/Downloads/EDVR-master
    experiments_root: /home/lzy/Downloads/EDVR-master/experiments/EDVR_train_all_noaug_RB40
    models: /home/lzy/Downloads/EDVR-master/experiments/EDVR_train_all_noaug_RB40/models
    training_state: /home/lzy/Downloads/EDVR-master/experiments/EDVR_train_all_noaug_RB40/training_state
    log: /home/lzy/Downloads/EDVR-master/experiments/EDVR_train_all_noaug_RB40
    val_images: /home/lzy/Downloads/EDVR-master/experiments/EDVR_train_all_noaug_RB40/val_images
  ]
  train:[
    lr_G: 0.0004
    lr_scheme: CosineAnnealingLR_Restart
    beta1: 0.9
    beta2: 0.99
    niter: 600000
    ft_tsa_only: 50000
    warmup_iter: -1
    T_period: [50000, 100000, 150000, 150000, 150000]
    restarts: [50000, 150000, 300000, 450000]
    restart_weights: [1, 1, 1, 1]
    eta_min: 1e-07
    pixel_criterion: psnr_ssim
    pixel_weight: 1.0
    val_freq: 10000.0
    manual_seed: 0
  ]
  logger:[
    print_freq: 50
    save_checkpoint_freq: 10000.0
  ]
  is_train: True
  dist: True

19-11-28 14:31:49.850 - INFO: Random seed: 0
19-11-28 14:31:49.852 - INFO: Temporal augmentation interval list: [1], with random reverse is False.
19-11-28 14:31:50.349 - INFO: Dataset [MyDataset - unlmdb] is created.
19-11-28 14:31:50.349 - INFO: Number of train images: 69,486, iters: 17,372
19-11-28 14:31:50.349 - INFO: Total epochs needed: 1 for iters 600,000
19-11-28 14:31:50.353 - INFO: Dataset [VideoTestDataset - REDS4] is created.
19-11-28 14:31:50.353 - INFO: Number of val images in [REDS4]: 500
19-11-28 14:32:04.308 - INFO: Network G structure: DistributedDataParallel, with parameters: 6,184,675
19-11-28 14:32:04.309 - INFO: EDVR(
  (pre_deblur): Predeblur_ResNet_Pyramid(
    (conv_first): Conv2d(3, 64, kernel_size=(3, 3), stride=(1, 1), padding=(1, 1))
    (RB_L1_1): ResidualBlock_noBN(
      (conv1): Conv2d(64, 64, kernel_size=(3, 3), stride=(1, 1), padding=(1, 1))
      (conv2): Conv2d(64, 64, kernel_size=(3, 3), stride=(1, 1), padding=(1, 1))
    )
    (RB_L1_2): ResidualBlock_noBN(
      (conv1): Conv2d(64, 64, kernel_size=(3, 3), stride=(1, 1), padding=(1, 1))
      (conv2): Conv2d(64, 64, kernel_size=(3, 3), stride=(1, 1), padding=(1, 1))
    )
    (RB_L1_3): ResidualBlock_noBN(
      (conv1): Conv2d(64, 64, kernel_size=(3, 3), stride=(1, 1), padding=(1, 1))
      (conv2): Conv2d(64, 64, kernel_size=(3, 3), stride=(1, 1), padding=(1, 1))
    )
    (RB_L1_4): ResidualBlock_noBN(
      (conv1): Conv2d(64, 64, kernel_size=(3, 3), stride=(1, 1), padding=(1, 1))
      (conv2): Conv2d(64, 64, kernel_size=(3, 3), stride=(1, 1), padding=(1, 1))
    )
    (RB_L1_5): ResidualBlock_noBN(
      (conv1): Conv2d(64, 64, kernel_size=(3, 3), stride=(1, 1), padding=(1, 1))
      (conv2): Conv2d(64, 64, kernel_size=(3, 3), stride=(1, 1), padding=(1, 1))
    )
    (RB_L2_1): ResidualBlock_noBN(
      (conv1): Conv2d(64, 64, kernel_size=(3, 3), stride=(1, 1), padding=(1, 1))
      (conv2): Conv2d(64, 64, kernel_size=(3, 3), stride=(1, 1), padding=(1, 1))
    )
    (RB_L2_2): ResidualBlock_noBN(
      (conv1): Conv2d(64, 64, kernel_size=(3, 3), stride=(1, 1), padding=(1, 1))
      (conv2): Conv2d(64, 64, kernel_size=(3, 3), stride=(1, 1), padding=(1, 1))
    )
    (RB_L3_1): ResidualBlock_noBN(
      (conv1): Conv2d(64, 64, kernel_size=(3, 3), stride=(1, 1), padding=(1, 1))
      (conv2): Conv2d(64, 64, kernel_size=(3, 3), stride=(1, 1), padding=(1, 1))
    )
    (deblur_L2_conv): Conv2d(64, 64, kernel_size=(3, 3), stride=(2, 2), padding=(1, 1))
    (deblur_L3_conv): Conv2d(64, 64, kernel_size=(3, 3), stride=(2, 2), padding=(1, 1))
    (lrelu): LeakyReLU(negative_slope=0.1, inplace)
  )
  (conv_1x1): Conv2d(64, 64, kernel_size=(1, 1), stride=(1, 1))
  (feature_extraction): Sequential(
    (0): ResidualBlock_noBN(
      (conv1): Conv2d(64, 64, kernel_size=(3, 3), stride=(1, 1), padding=(1, 1))
      (conv2): Conv2d(64, 64, kernel_size=(3, 3), stride=(1, 1), padding=(1, 1))
    )
    (1): ResidualBlock_noBN(
      (conv1): Conv2d(64, 64, kernel_size=(3, 3), stride=(1, 1), padding=(1, 1))
      (conv2): Conv2d(64, 64, kernel_size=(3, 3), stride=(1, 1), padding=(1, 1))
    )
    (2): ResidualBlock_noBN(
      (conv1): Conv2d(64, 64, kernel_size=(3, 3), stride=(1, 1), padding=(1, 1))
      (conv2): Conv2d(64, 64, kernel_size=(3, 3), stride=(1, 1), padding=(1, 1))
    )
    (3): ResidualBlock_noBN(
      (conv1): Conv2d(64, 64, kernel_size=(3, 3), stride=(1, 1), padding=(1, 1))
      (conv2): Conv2d(64, 64, kernel_size=(3, 3), stride=(1, 1), padding=(1, 1))
    )
    (4): ResidualBlock_noBN(
      (conv1): Conv2d(64, 64, kernel_size=(3, 3), stride=(1, 1), padding=(1, 1))
      (conv2): Conv2d(64, 64, kernel_size=(3, 3), stride=(1, 1), padding=(1, 1))
    )
  )
  (fea_L2_conv1): Conv2d(64, 64, kernel_size=(3, 3), stride=(2, 2), padding=(1, 1))
  (fea_L2_conv2): Conv2d(64, 64, kernel_size=(3, 3), stride=(1, 1), padding=(1, 1))
  (fea_L3_conv1): Conv2d(64, 64, kernel_size=(3, 3), stride=(2, 2), padding=(1, 1))
  (fea_L3_conv2): Conv2d(64, 64, kernel_size=(3, 3), stride=(1, 1), padding=(1, 1))
  (pcd_align): PCD_Align(
    (L3_offset_conv1): Conv2d(128, 64, kernel_size=(3, 3), stride=(1, 1), padding=(1, 1))
    (L3_offset_conv2): Conv2d(64, 64, kernel_size=(3, 3), stride=(1, 1), padding=(1, 1))
    (L3_dcnpack): ModulatedDeformConvPack(
      (conv_offset_mask): Conv2d(64, 216, kernel_size=(3, 3), stride=(1, 1), padding=(1, 1))
    )
    (L2_offset_conv1): Conv2d(128, 64, kernel_size=(3, 3), stride=(1, 1), padding=(1, 1))
    (L2_offset_conv2): Conv2d(128, 64, kernel_size=(3, 3), stride=(1, 1), padding=(1, 1))
    (L2_offset_conv3): Conv2d(64, 64, kernel_size=(3, 3), stride=(1, 1), padding=(1, 1))
    (L2_dcnpack): ModulatedDeformConvPack(
      (conv_offset_mask): Conv2d(64, 216, kernel_size=(3, 3), stride=(1, 1), padding=(1, 1))
    )
    (L2_fea_conv): Conv2d(128, 64, kernel_size=(3, 3), stride=(1, 1), padding=(1, 1))
    (L1_offset_conv1): Conv2d(128, 64, kernel_size=(3, 3), stride=(1, 1), padding=(1, 1))
    (L1_offset_conv2): Conv2d(128, 64, kernel_size=(3, 3), stride=(1, 1), padding=(1, 1))
    (L1_offset_conv3): Conv2d(64, 64, kernel_size=(3, 3), stride=(1, 1), padding=(1, 1))
    (L1_dcnpack): ModulatedDeformConvPack(
      (conv_offset_mask): Conv2d(64, 216, kernel_size=(3, 3), stride=(1, 1), padding=(1, 1))
    )
    (L1_fea_conv): Conv2d(128, 64, kernel_size=(3, 3), stride=(1, 1), padding=(1, 1))
    (cas_offset_conv1): Conv2d(128, 64, kernel_size=(3, 3), stride=(1, 1), padding=(1, 1))
    (cas_offset_conv2): Conv2d(64, 64, kernel_size=(3, 3), stride=(1, 1), padding=(1, 1))
    (cas_dcnpack): ModulatedDeformConvPack(
      (conv_offset_mask): Conv2d(64, 216, kernel_size=(3, 3), stride=(1, 1), padding=(1, 1))
    )
    (lrelu): LeakyReLU(negative_slope=0.1, inplace)
  )
  (tsa_fusion): TSA_Fusion(
    (tAtt_1): Conv2d(64, 64, kernel_size=(3, 3), stride=(1, 1), padding=(1, 1))
    (tAtt_2): Conv2d(64, 64, kernel_size=(3, 3), stride=(1, 1), padding=(1, 1))
    (fea_fusion): Conv2d(320, 64, kernel_size=(1, 1), stride=(1, 1))
    (sAtt_1): Conv2d(320, 64, kernel_size=(1, 1), stride=(1, 1))
    (maxpool): MaxPool2d(kernel_size=3, stride=2, padding=1, dilation=1, ceil_mode=False)
    (avgpool): AvgPool2d(kernel_size=3, stride=2, padding=1)
    (sAtt_2): Conv2d(128, 64, kernel_size=(1, 1), stride=(1, 1))
    (sAtt_3): Conv2d(64, 64, kernel_size=(3, 3), stride=(1, 1), padding=(1, 1))
    (sAtt_4): Conv2d(64, 64, kernel_size=(1, 1), stride=(1, 1))
    (sAtt_5): Conv2d(64, 64, kernel_size=(3, 3), stride=(1, 1), padding=(1, 1))
    (sAtt_L1): Conv2d(64, 64, kernel_size=(1, 1), stride=(1, 1))
    (sAtt_L2): Conv2d(128, 64, kernel_size=(3, 3), stride=(1, 1), padding=(1, 1))
    (sAtt_L3): Conv2d(64, 64, kernel_size=(3, 3), stride=(1, 1), padding=(1, 1))
    (sAtt_add_1): Conv2d(64, 64, kernel_size=(1, 1), stride=(1, 1))
    (sAtt_add_2): Conv2d(64, 64, kernel_size=(1, 1), stride=(1, 1))
    (lrelu): LeakyReLU(negative_slope=0.1, inplace)
  )
  (recon_trunk): Sequential(
    (0): ResidualBlock_noBN(
      (conv1): Conv2d(64, 64, kernel_size=(3, 3), stride=(1, 1), padding=(1, 1))
      (conv2): Conv2d(64, 64, kernel_size=(3, 3), stride=(1, 1), padding=(1, 1))
    )
    (1): ResidualBlock_noBN(
      (conv1): Conv2d(64, 64, kernel_size=(3, 3), stride=(1, 1), padding=(1, 1))
      (conv2): Conv2d(64, 64, kernel_size=(3, 3), stride=(1, 1), padding=(1, 1))
    )
    (2): ResidualBlock_noBN(
      (conv1): Conv2d(64, 64, kernel_size=(3, 3), stride=(1, 1), padding=(1, 1))
      (conv2): Conv2d(64, 64, kernel_size=(3, 3), stride=(1, 1), padding=(1, 1))
    )
    (3): ResidualBlock_noBN(
      (conv1): Conv2d(64, 64, kernel_size=(3, 3), stride=(1, 1), padding=(1, 1))
      (conv2): Conv2d(64, 64, kernel_size=(3, 3), stride=(1, 1), padding=(1, 1))
    )
    (4): ResidualBlock_noBN(
      (conv1): Conv2d(64, 64, kernel_size=(3, 3), stride=(1, 1), padding=(1, 1))
      (conv2): Conv2d(64, 64, kernel_size=(3, 3), stride=(1, 1), padding=(1, 1))
    )
    (5): ResidualBlock_noBN(
      (conv1): Conv2d(64, 64, kernel_size=(3, 3), stride=(1, 1), padding=(1, 1))
      (conv2): Conv2d(64, 64, kernel_size=(3, 3), stride=(1, 1), padding=(1, 1))
    )
    (6): ResidualBlock_noBN(
      (conv1): Conv2d(64, 64, kernel_size=(3, 3), stride=(1, 1), padding=(1, 1))
      (conv2): Conv2d(64, 64, kernel_size=(3, 3), stride=(1, 1), padding=(1, 1))
    )
    (7): ResidualBlock_noBN(
      (conv1): Conv2d(64, 64, kernel_size=(3, 3), stride=(1, 1), padding=(1, 1))
      (conv2): Conv2d(64, 64, kernel_size=(3, 3), stride=(1, 1), padding=(1, 1))
    )
    (8): ResidualBlock_noBN(
      (conv1): Conv2d(64, 64, kernel_size=(3, 3), stride=(1, 1), padding=(1, 1))
      (conv2): Conv2d(64, 64, kernel_size=(3, 3), stride=(1, 1), padding=(1, 1))
    )
    (9): ResidualBlock_noBN(
      (conv1): Conv2d(64, 64, kernel_size=(3, 3), stride=(1, 1), padding=(1, 1))
      (conv2): Conv2d(64, 64, kernel_size=(3, 3), stride=(1, 1), padding=(1, 1))
    )
    (10): ResidualBlock_noBN(
      (conv1): Conv2d(64, 64, kernel_size=(3, 3), stride=(1, 1), padding=(1, 1))
      (conv2): Conv2d(64, 64, kernel_size=(3, 3), stride=(1, 1), padding=(1, 1))
    )
    (11): ResidualBlock_noBN(
      (conv1): Conv2d(64, 64, kernel_size=(3, 3), stride=(1, 1), padding=(1, 1))
      (conv2): Conv2d(64, 64, kernel_size=(3, 3), stride=(1, 1), padding=(1, 1))
    )
    (12): ResidualBlock_noBN(
      (conv1): Conv2d(64, 64, kernel_size=(3, 3), stride=(1, 1), padding=(1, 1))
      (conv2): Conv2d(64, 64, kernel_size=(3, 3), stride=(1, 1), padding=(1, 1))
    )
    (13): ResidualBlock_noBN(
      (conv1): Conv2d(64, 64, kernel_size=(3, 3), stride=(1, 1), padding=(1, 1))
      (conv2): Conv2d(64, 64, kernel_size=(3, 3), stride=(1, 1), padding=(1, 1))
    )
    (14): ResidualBlock_noBN(
      (conv1): Conv2d(64, 64, kernel_size=(3, 3), stride=(1, 1), padding=(1, 1))
      (conv2): Conv2d(64, 64, kernel_size=(3, 3), stride=(1, 1), padding=(1, 1))
    )
    (15): ResidualBlock_noBN(
      (conv1): Conv2d(64, 64, kernel_size=(3, 3), stride=(1, 1), padding=(1, 1))
      (conv2): Conv2d(64, 64, kernel_size=(3, 3), stride=(1, 1), padding=(1, 1))
    )
    (16): ResidualBlock_noBN(
      (conv1): Conv2d(64, 64, kernel_size=(3, 3), stride=(1, 1), padding=(1, 1))
      (conv2): Conv2d(64, 64, kernel_size=(3, 3), stride=(1, 1), padding=(1, 1))
    )
    (17): ResidualBlock_noBN(
      (conv1): Conv2d(64, 64, kernel_size=(3, 3), stride=(1, 1), padding=(1, 1))
      (conv2): Conv2d(64, 64, kernel_size=(3, 3), stride=(1, 1), padding=(1, 1))
    )
    (18): ResidualBlock_noBN(
      (conv1): Conv2d(64, 64, kernel_size=(3, 3), stride=(1, 1), padding=(1, 1))
      (conv2): Conv2d(64, 64, kernel_size=(3, 3), stride=(1, 1), padding=(1, 1))
    )
    (19): ResidualBlock_noBN(
      (conv1): Conv2d(64, 64, kernel_size=(3, 3), stride=(1, 1), padding=(1, 1))
      (conv2): Conv2d(64, 64, kernel_size=(3, 3), stride=(1, 1), padding=(1, 1))
    )
    (20): ResidualBlock_noBN(
      (conv1): Conv2d(64, 64, kernel_size=(3, 3), stride=(1, 1), padding=(1, 1))
      (conv2): Conv2d(64, 64, kernel_size=(3, 3), stride=(1, 1), padding=(1, 1))
    )
    (21): ResidualBlock_noBN(
      (conv1): Conv2d(64, 64, kernel_size=(3, 3), stride=(1, 1), padding=(1, 1))
      (conv2): Conv2d(64, 64, kernel_size=(3, 3), stride=(1, 1), padding=(1, 1))
    )
    (22): ResidualBlock_noBN(
      (conv1): Conv2d(64, 64, kernel_size=(3, 3), stride=(1, 1), padding=(1, 1))
      (conv2): Conv2d(64, 64, kernel_size=(3, 3), stride=(1, 1), padding=(1, 1))
    )
    (23): ResidualBlock_noBN(
      (conv1): Conv2d(64, 64, kernel_size=(3, 3), stride=(1, 1), padding=(1, 1))
      (conv2): Conv2d(64, 64, kernel_size=(3, 3), stride=(1, 1), padding=(1, 1))
    )
    (24): ResidualBlock_noBN(
      (conv1): Conv2d(64, 64, kernel_size=(3, 3), stride=(1, 1), padding=(1, 1))
      (conv2): Conv2d(64, 64, kernel_size=(3, 3), stride=(1, 1), padding=(1, 1))
    )
    (25): ResidualBlock_noBN(
      (conv1): Conv2d(64, 64, kernel_size=(3, 3), stride=(1, 1), padding=(1, 1))
      (conv2): Conv2d(64, 64, kernel_size=(3, 3), stride=(1, 1), padding=(1, 1))
    )
    (26): ResidualBlock_noBN(
      (conv1): Conv2d(64, 64, kernel_size=(3, 3), stride=(1, 1), padding=(1, 1))
      (conv2): Conv2d(64, 64, kernel_size=(3, 3), stride=(1, 1), padding=(1, 1))
    )
    (27): ResidualBlock_noBN(
      (conv1): Conv2d(64, 64, kernel_size=(3, 3), stride=(1, 1), padding=(1, 1))
      (conv2): Conv2d(64, 64, kernel_size=(3, 3), stride=(1, 1), padding=(1, 1))
    )
    (28): ResidualBlock_noBN(
      (conv1): Conv2d(64, 64, kernel_size=(3, 3), stride=(1, 1), padding=(1, 1))
      (conv2): Conv2d(64, 64, kernel_size=(3, 3), stride=(1, 1), padding=(1, 1))
    )
    (29): ResidualBlock_noBN(
      (conv1): Conv2d(64, 64, kernel_size=(3, 3), stride=(1, 1), padding=(1, 1))
      (conv2): Conv2d(64, 64, kernel_size=(3, 3), stride=(1, 1), padding=(1, 1))
    )
    (30): ResidualBlock_noBN(
      (conv1): Conv2d(64, 64, kernel_size=(3, 3), stride=(1, 1), padding=(1, 1))
      (conv2): Conv2d(64, 64, kernel_size=(3, 3), stride=(1, 1), padding=(1, 1))
    )
    (31): ResidualBlock_noBN(
      (conv1): Conv2d(64, 64, kernel_size=(3, 3), stride=(1, 1), padding=(1, 1))
      (conv2): Conv2d(64, 64, kernel_size=(3, 3), stride=(1, 1), padding=(1, 1))
    )
    (32): ResidualBlock_noBN(
      (conv1): Conv2d(64, 64, kernel_size=(3, 3), stride=(1, 1), padding=(1, 1))
      (conv2): Conv2d(64, 64, kernel_size=(3, 3), stride=(1, 1), padding=(1, 1))
    )
    (33): ResidualBlock_noBN(
      (conv1): Conv2d(64, 64, kernel_size=(3, 3), stride=(1, 1), padding=(1, 1))
      (conv2): Conv2d(64, 64, kernel_size=(3, 3), stride=(1, 1), padding=(1, 1))
    )
    (34): ResidualBlock_noBN(
      (conv1): Conv2d(64, 64, kernel_size=(3, 3), stride=(1, 1), padding=(1, 1))
      (conv2): Conv2d(64, 64, kernel_size=(3, 3), stride=(1, 1), padding=(1, 1))
    )
    (35): ResidualBlock_noBN(
      (conv1): Conv2d(64, 64, kernel_size=(3, 3), stride=(1, 1), padding=(1, 1))
      (conv2): Conv2d(64, 64, kernel_size=(3, 3), stride=(1, 1), padding=(1, 1))
    )
    (36): ResidualBlock_noBN(
      (conv1): Conv2d(64, 64, kernel_size=(3, 3), stride=(1, 1), padding=(1, 1))
      (conv2): Conv2d(64, 64, kernel_size=(3, 3), stride=(1, 1), padding=(1, 1))
    )
    (37): ResidualBlock_noBN(
      (conv1): Conv2d(64, 64, kernel_size=(3, 3), stride=(1, 1), padding=(1, 1))
      (conv2): Conv2d(64, 64, kernel_size=(3, 3), stride=(1, 1), padding=(1, 1))
    )
    (38): ResidualBlock_noBN(
      (conv1): Conv2d(64, 64, kernel_size=(3, 3), stride=(1, 1), padding=(1, 1))
      (conv2): Conv2d(64, 64, kernel_size=(3, 3), stride=(1, 1), padding=(1, 1))
    )
    (39): ResidualBlock_noBN(
      (conv1): Conv2d(64, 64, kernel_size=(3, 3), stride=(1, 1), padding=(1, 1))
      (conv2): Conv2d(64, 64, kernel_size=(3, 3), stride=(1, 1), padding=(1, 1))
    )
  )
  (upconv1): Conv2d(64, 256, kernel_size=(3, 3), stride=(1, 1), padding=(1, 1))
  (upconv2): Conv2d(64, 256, kernel_size=(3, 3), stride=(1, 1), padding=(1, 1))
  (pixel_shuffle): PixelShuffle(upscale_factor=2)
  (HRconv): Conv2d(64, 64, kernel_size=(3, 3), stride=(1, 1), padding=(1, 1))
  (conv_last): Conv2d(64, 3, kernel_size=(3, 3), stride=(1, 1), padding=(1, 1))
  (lrelu): LeakyReLU(negative_slope=0.1, inplace)
)
19-11-28 14:32:04.310 - INFO: Loading model for G [/home/lzy/Downloads/EDVR-master/experiments/EDVR_train_all/models/235000_G.pth] ...
19-11-28 14:32:04.369 - INFO: Model [VideoBaseModel] is created.
19-11-28 14:32:04.369 - INFO: Start training from epoch: 0, iter: 0
19-11-28 14:33:51.107 - INFO: [epoch:  0, iter:      50, lr:(0.000e+00,4.000e-04,)] l_pix: 4.6475e-01 
19-11-28 14:35:09.201 - INFO: [epoch:  0, iter:     100, lr:(0.000e+00,4.000e-04,)] l_pix: 8.3210e-01 
19-11-28 14:36:27.417 - INFO: [epoch:  0, iter:     150, lr:(0.000e+00,4.000e-04,)] l_pix: 6.2255e-01 
19-11-28 14:37:45.574 - INFO: [epoch:  0, iter:     200, lr:(0.000e+00,4.000e-04,)] l_pix: 4.5560e-01 
19-11-28 14:39:04.405 - INFO: [epoch:  0, iter:     250, lr:(0.000e+00,4.000e-04,)] l_pix: 8.1103e-01 
19-11-28 14:40:23.377 - INFO: [epoch:  0, iter:     300, lr:(0.000e+00,4.000e-04,)] l_pix: 5.4910e-01 
19-11-28 14:41:58.623 - INFO: [epoch:  0, iter:     350, lr:(0.000e+00,4.000e-04,)] l_pix: 4.8473e-01 
19-11-28 14:43:28.068 - INFO: [epoch:  0, iter:     400, lr:(0.000e+00,3.999e-04,)] l_pix: 3.8145e-01 
19-11-28 14:44:57.134 - INFO: [epoch:  0, iter:     450, lr:(0.000e+00,3.999e-04,)] l_pix: 4.5630e-01 
19-11-28 14:46:39.614 - INFO: [epoch:  0, iter:     500, lr:(0.000e+00,3.999e-04,)] l_pix: 5.0059e-01 
19-11-28 14:48:22.987 - INFO: [epoch:  0, iter:     550, lr:(0.000e+00,3.999e-04,)] l_pix: 1.1831e-01 
19-11-28 14:50:08.263 - INFO: [epoch:  0, iter:     600, lr:(0.000e+00,3.999e-04,)] l_pix: 6.3956e-01 
19-11-28 14:51:53.573 - INFO: [epoch:  0, iter:     650, lr:(0.000e+00,3.998e-04,)] l_pix: 4.1977e-01 
19-11-28 14:53:58.724 - INFO: [epoch:  0, iter:     700, lr:(0.000e+00,3.998e-04,)] l_pix: 2.7450e-01 
19-11-28 14:55:50.230 - INFO: [epoch:  0, iter:     750, lr:(0.000e+00,3.998e-04,)] l_pix: 4.6459e-01 
19-11-28 14:57:54.882 - INFO: [epoch:  0, iter:     800, lr:(0.000e+00,3.997e-04,)] l_pix: 4.8125e-01 
19-11-28 14:59:59.992 - INFO: [epoch:  0, iter:     850, lr:(0.000e+00,3.997e-04,)] l_pix: 4.2860e-01 
19-11-28 15:01:50.386 - INFO: [epoch:  0, iter:     900, lr:(0.000e+00,3.997e-04,)] l_pix: 4.4268e-01 
19-11-28 15:03:25.606 - INFO: [epoch:  0, iter:     950, lr:(0.000e+00,3.996e-04,)] l_pix: 4.5200e-01 
19-11-28 15:05:23.109 - INFO: [epoch:  0, iter:   1,000, lr:(0.000e+00,3.996e-04,)] l_pix: 5.4856e-01 
19-11-28 15:07:24.908 - INFO: [epoch:  0, iter:   1,050, lr:(0.000e+00,3.996e-04,)] l_pix: 4.0837e-01 
19-11-28 15:09:20.592 - INFO: [epoch:  0, iter:   1,100, lr:(0.000e+00,3.995e-04,)] l_pix: 4.8830e-01 
19-11-28 15:11:06.351 - INFO: [epoch:  0, iter:   1,150, lr:(0.000e+00,3.995e-04,)] l_pix: 5.5402e-01 
19-11-28 15:13:03.430 - INFO: [epoch:  0, iter:   1,200, lr:(0.000e+00,3.994e-04,)] l_pix: 4.3964e-01 
19-11-28 15:14:52.432 - INFO: [epoch:  0, iter:   1,250, lr:(0.000e+00,3.994e-04,)] l_pix: 3.0216e-01 
19-11-28 15:16:46.499 - INFO: [epoch:  0, iter:   1,300, lr:(0.000e+00,3.993e-04,)] l_pix: 5.1225e-01 
19-11-28 15:18:47.493 - INFO: [epoch:  0, iter:   1,350, lr:(0.000e+00,3.993e-04,)] l_pix: 3.8375e-01 
19-11-28 15:20:55.376 - INFO: [epoch:  0, iter:   1,400, lr:(0.000e+00,3.992e-04,)] l_pix: 4.8059e-01 
19-11-28 15:22:59.374 - INFO: [epoch:  0, iter:   1,450, lr:(0.000e+00,3.992e-04,)] l_pix: 4.0513e-01 
19-11-28 15:24:56.820 - INFO: [epoch:  0, iter:   1,500, lr:(0.000e+00,3.991e-04,)] l_pix: 5.2737e-01 
19-11-28 15:26:45.781 - INFO: [epoch:  0, iter:   1,550, lr:(0.000e+00,3.991e-04,)] l_pix: 4.4457e-01 
19-11-28 15:28:43.192 - INFO: [epoch:  0, iter:   1,600, lr:(0.000e+00,3.990e-04,)] l_pix: 3.2471e-01 
19-11-28 15:30:41.323 - INFO: [epoch:  0, iter:   1,650, lr:(0.000e+00,3.989e-04,)] l_pix: 4.1889e-01 
19-11-28 15:32:36.508 - INFO: [epoch:  0, iter:   1,700, lr:(0.000e+00,3.989e-04,)] l_pix: 3.9647e-01 
19-11-28 15:34:31.649 - INFO: [epoch:  0, iter:   1,750, lr:(0.000e+00,3.988e-04,)] l_pix: 5.4455e-01 
19-11-28 15:36:26.871 - INFO: [epoch:  0, iter:   1,800, lr:(0.000e+00,3.987e-04,)] l_pix: 6.3365e-01 
19-11-28 15:38:26.541 - INFO: [epoch:  0, iter:   1,850, lr:(0.000e+00,3.987e-04,)] l_pix: 2.6044e-01 
19-11-28 15:40:31.375 - INFO: [epoch:  0, iter:   1,900, lr:(0.000e+00,3.986e-04,)] l_pix: 2.3748e-01 
19-11-28 15:42:29.262 - INFO: [epoch:  0, iter:   1,950, lr:(0.000e+00,3.985e-04,)] l_pix: 6.0583e-01 
19-11-28 15:44:19.988 - INFO: [epoch:  0, iter:   2,000, lr:(0.000e+00,3.984e-04,)] l_pix: 4.2854e-01 
19-11-28 15:46:09.740 - INFO: [epoch:  0, iter:   2,050, lr:(0.000e+00,3.983e-04,)] l_pix: 4.4748e-01 
19-11-28 15:48:01.805 - INFO: [epoch:  0, iter:   2,100, lr:(0.000e+00,3.983e-04,)] l_pix: 7.4601e-01 
19-11-28 15:49:56.056 - INFO: [epoch:  0, iter:   2,150, lr:(0.000e+00,3.982e-04,)] l_pix: 3.4238e-01 
19-11-28 15:51:32.882 - INFO: [epoch:  0, iter:   2,200, lr:(0.000e+00,3.981e-04,)] l_pix: 6.0729e-01 
19-11-28 15:53:52.393 - INFO: [epoch:  0, iter:   2,250, lr:(0.000e+00,3.980e-04,)] l_pix: 5.1072e-01 
19-11-28 15:55:36.682 - INFO: [epoch:  0, iter:   2,300, lr:(0.000e+00,3.979e-04,)] l_pix: 4.5136e-01 
19-11-28 15:57:18.074 - INFO: [epoch:  0, iter:   2,350, lr:(0.000e+00,3.978e-04,)] l_pix: 5.2363e-01 
19-11-28 15:59:25.204 - INFO: [epoch:  0, iter:   2,400, lr:(0.000e+00,3.977e-04,)] l_pix: 4.8230e-01 
19-11-28 16:01:07.956 - INFO: [epoch:  0, iter:   2,450, lr:(0.000e+00,3.976e-04,)] l_pix: 4.8538e-01 
19-11-28 16:02:56.949 - INFO: [epoch:  0, iter:   2,500, lr:(0.000e+00,3.975e-04,)] l_pix: 6.5221e-01 
19-11-28 16:04:35.940 - INFO: [epoch:  0, iter:   2,550, lr:(0.000e+00,3.974e-04,)] l_pix: 7.5325e-01 
19-11-28 16:06:29.688 - INFO: [epoch:  0, iter:   2,600, lr:(0.000e+00,3.973e-04,)] l_pix: 3.8826e-01 
19-11-28 16:08:25.476 - INFO: [epoch:  0, iter:   2,650, lr:(0.000e+00,3.972e-04,)] l_pix: 5.4256e-01 
19-11-28 16:10:08.465 - INFO: [epoch:  0, iter:   2,700, lr:(0.000e+00,3.971e-04,)] l_pix: 3.8987e-01 
19-11-28 16:11:52.457 - INFO: [epoch:  0, iter:   2,750, lr:(0.000e+00,3.970e-04,)] l_pix: 5.3346e-01 
19-11-28 16:13:47.535 - INFO: [epoch:  0, iter:   2,800, lr:(0.000e+00,3.969e-04,)] l_pix: 3.1347e-01 
19-11-28 16:15:41.850 - INFO: [epoch:  0, iter:   2,850, lr:(0.000e+00,3.968e-04,)] l_pix: 3.6520e-01 
19-11-28 16:17:38.220 - INFO: [epoch:  0, iter:   2,900, lr:(0.000e+00,3.967e-04,)] l_pix: 6.7618e-01 
19-11-28 16:19:27.395 - INFO: [epoch:  0, iter:   2,950, lr:(0.000e+00,3.966e-04,)] l_pix: 4.3347e-01 
19-11-28 16:21:28.647 - INFO: [epoch:  0, iter:   3,000, lr:(0.000e+00,3.965e-04,)] l_pix: 4.7126e-01 
19-11-28 16:23:25.256 - INFO: [epoch:  0, iter:   3,050, lr:(0.000e+00,3.963e-04,)] l_pix: 3.5949e-01 
19-11-28 16:25:23.065 - INFO: [epoch:  0, iter:   3,100, lr:(0.000e+00,3.962e-04,)] l_pix: 2.8652e-01 
19-11-28 16:27:11.075 - INFO: [epoch:  0, iter:   3,150, lr:(0.000e+00,3.961e-04,)] l_pix: 8.0487e-01 
19-11-28 16:29:02.345 - INFO: [epoch:  0, iter:   3,200, lr:(0.000e+00,3.960e-04,)] l_pix: 3.9568e-01 
19-11-28 16:31:02.414 - INFO: [epoch:  0, iter:   3,250, lr:(0.000e+00,3.958e-04,)] l_pix: 3.8897e-01 
19-11-28 16:33:01.523 - INFO: [epoch:  0, iter:   3,300, lr:(0.000e+00,3.957e-04,)] l_pix: 5.3543e-01 
19-11-28 16:34:52.140 - INFO: [epoch:  0, iter:   3,350, lr:(0.000e+00,3.956e-04,)] l_pix: 7.9260e-01 
19-11-28 16:36:24.553 - INFO: [epoch:  0, iter:   3,400, lr:(0.000e+00,3.955e-04,)] l_pix: 3.0054e-01 
19-11-28 16:38:11.120 - INFO: [epoch:  0, iter:   3,450, lr:(0.000e+00,3.953e-04,)] l_pix: 2.9704e-01 
19-11-28 16:40:05.511 - INFO: [epoch:  0, iter:   3,500, lr:(0.000e+00,3.952e-04,)] l_pix: 3.0650e-01 
19-11-28 16:42:24.269 - INFO: [epoch:  0, iter:   3,550, lr:(0.000e+00,3.950e-04,)] l_pix: 3.2644e-01 
19-11-28 16:44:09.710 - INFO: [epoch:  0, iter:   3,600, lr:(0.000e+00,3.949e-04,)] l_pix: 3.4254e-01 
19-11-28 16:46:04.457 - INFO: [epoch:  0, iter:   3,650, lr:(0.000e+00,3.948e-04,)] l_pix: 7.2495e-01 
19-11-28 16:47:52.341 - INFO: [epoch:  0, iter:   3,700, lr:(0.000e+00,3.946e-04,)] l_pix: 5.3083e-01 
19-11-28 16:49:45.508 - INFO: [epoch:  0, iter:   3,750, lr:(0.000e+00,3.945e-04,)] l_pix: 3.8810e-01 
19-11-28 16:51:41.708 - INFO: [epoch:  0, iter:   3,800, lr:(0.000e+00,3.943e-04,)] l_pix: 3.0449e-01 
19-11-28 16:53:37.620 - INFO: [epoch:  0, iter:   3,850, lr:(0.000e+00,3.942e-04,)] l_pix: 3.7722e-01 
19-11-28 16:55:25.514 - INFO: [epoch:  0, iter:   3,900, lr:(0.000e+00,3.940e-04,)] l_pix: 5.2341e-01 
19-11-28 16:57:14.932 - INFO: [epoch:  0, iter:   3,950, lr:(0.000e+00,3.939e-04,)] l_pix: 4.3465e-01 
19-11-28 16:59:07.078 - INFO: [epoch:  0, iter:   4,000, lr:(0.000e+00,3.937e-04,)] l_pix: 5.4569e-01 
19-11-28 17:00:59.585 - INFO: [epoch:  0, iter:   4,050, lr:(0.000e+00,3.936e-04,)] l_pix: 3.7834e-01 
19-11-28 17:02:52.130 - INFO: [epoch:  0, iter:   4,100, lr:(0.000e+00,3.934e-04,)] l_pix: 3.5617e-01 
19-11-28 17:04:52.455 - INFO: [epoch:  0, iter:   4,150, lr:(0.000e+00,3.932e-04,)] l_pix: 6.3077e-01 
19-11-28 17:06:38.165 - INFO: [epoch:  0, iter:   4,200, lr:(0.000e+00,3.931e-04,)] l_pix: 6.2782e-01 
19-11-28 17:08:46.542 - INFO: [epoch:  0, iter:   4,250, lr:(0.000e+00,3.929e-04,)] l_pix: 6.2143e-01 
19-11-28 17:10:27.842 - INFO: [epoch:  0, iter:   4,300, lr:(0.000e+00,3.927e-04,)] l_pix: 5.8438e-01 
19-11-28 17:12:17.453 - INFO: [epoch:  0, iter:   4,350, lr:(0.000e+00,3.926e-04,)] l_pix: 4.1566e-01 
19-11-28 17:14:14.176 - INFO: [epoch:  0, iter:   4,400, lr:(0.000e+00,3.924e-04,)] l_pix: 3.7085e-01 
19-11-28 17:16:01.760 - INFO: [epoch:  0, iter:   4,450, lr:(0.000e+00,3.922e-04,)] l_pix: 3.1175e-01 
19-11-28 17:17:53.278 - INFO: [epoch:  0, iter:   4,500, lr:(0.000e+00,3.921e-04,)] l_pix: 4.8902e-01 
19-11-28 17:19:36.403 - INFO: [epoch:  0, iter:   4,550, lr:(0.000e+00,3.919e-04,)] l_pix: 7.4348e-01 
19-11-28 17:21:27.863 - INFO: [epoch:  0, iter:   4,600, lr:(0.000e+00,3.917e-04,)] l_pix: 4.1349e-01 
19-11-28 17:23:12.700 - INFO: [epoch:  0, iter:   4,650, lr:(0.000e+00,3.915e-04,)] l_pix: 3.9406e-01 
19-11-28 17:25:23.251 - INFO: [epoch:  0, iter:   4,700, lr:(0.000e+00,3.913e-04,)] l_pix: 6.1659e-01 
19-11-28 17:27:10.173 - INFO: [epoch:  0, iter:   4,750, lr:(0.000e+00,3.912e-04,)] l_pix: 3.6125e-01 
19-11-28 17:28:57.289 - INFO: [epoch:  0, iter:   4,800, lr:(0.000e+00,3.910e-04,)] l_pix: 4.3911e-01 
19-11-28 17:30:31.993 - INFO: [epoch:  0, iter:   4,850, lr:(0.000e+00,3.908e-04,)] l_pix: 4.5646e-01 
19-11-28 17:32:16.156 - INFO: [epoch:  0, iter:   4,900, lr:(0.000e+00,3.906e-04,)] l_pix: 5.4768e-01 
19-11-28 17:34:04.358 - INFO: [epoch:  0, iter:   4,950, lr:(0.000e+00,3.904e-04,)] l_pix: 2.9209e-01 
19-11-28 17:35:54.265 - INFO: [epoch:  0, iter:   5,000, lr:(0.000e+00,3.902e-04,)] l_pix: 5.1574e-01 
19-11-28 17:37:59.528 - INFO: [epoch:  0, iter:   5,050, lr:(0.000e+00,3.900e-04,)] l_pix: 2.7160e-01 
19-11-28 17:39:47.919 - INFO: [epoch:  0, iter:   5,100, lr:(0.000e+00,3.898e-04,)] l_pix: 3.6063e-01 
19-11-28 17:41:39.976 - INFO: [epoch:  0, iter:   5,150, lr:(0.000e+00,3.896e-04,)] l_pix: 2.5366e-01 
19-11-28 17:43:26.303 - INFO: [epoch:  0, iter:   5,200, lr:(0.000e+00,3.894e-04,)] l_pix: 8.2506e-01 
19-11-28 17:45:24.887 - INFO: [epoch:  0, iter:   5,250, lr:(0.000e+00,3.892e-04,)] l_pix: 4.6075e-01 
19-11-28 17:47:22.174 - INFO: [epoch:  0, iter:   5,300, lr:(0.000e+00,3.890e-04,)] l_pix: 3.8515e-01 
19-11-28 17:49:10.450 - INFO: [epoch:  0, iter:   5,350, lr:(0.000e+00,3.888e-04,)] l_pix: 2.5591e-01 
19-11-28 17:51:04.977 - INFO: [epoch:  0, iter:   5,400, lr:(0.000e+00,3.886e-04,)] l_pix: 5.6721e-01 
19-11-28 17:53:14.427 - INFO: [epoch:  0, iter:   5,450, lr:(0.000e+00,3.884e-04,)] l_pix: 3.3764e-01 
19-11-28 17:55:14.627 - INFO: [epoch:  0, iter:   5,500, lr:(0.000e+00,3.882e-04,)] l_pix: 5.8186e-01 
19-11-28 17:57:06.065 - INFO: [epoch:  0, iter:   5,550, lr:(0.000e+00,3.880e-04,)] l_pix: 2.4879e-01 
19-11-28 17:59:12.954 - INFO: [epoch:  0, iter:   5,600, lr:(0.000e+00,3.877e-04,)] l_pix: 3.2723e-01 
19-11-28 18:01:12.893 - INFO: [epoch:  0, iter:   5,650, lr:(0.000e+00,3.875e-04,)] l_pix: 4.8429e-01 
19-11-28 18:02:57.346 - INFO: [epoch:  0, iter:   5,700, lr:(0.000e+00,3.873e-04,)] l_pix: 3.7289e-01 
19-11-28 18:04:54.368 - INFO: [epoch:  0, iter:   5,750, lr:(0.000e+00,3.871e-04,)] l_pix: 4.5069e-01 
19-11-28 18:06:45.821 - INFO: [epoch:  0, iter:   5,800, lr:(0.000e+00,3.869e-04,)] l_pix: 3.5307e-01 
19-11-28 18:08:39.418 - INFO: [epoch:  0, iter:   5,850, lr:(0.000e+00,3.866e-04,)] l_pix: 1.1265e+00 
19-11-28 18:10:49.546 - INFO: [epoch:  0, iter:   5,900, lr:(0.000e+00,3.864e-04,)] l_pix: 3.5827e-01 
19-11-28 18:12:43.096 - INFO: [epoch:  0, iter:   5,950, lr:(0.000e+00,3.862e-04,)] l_pix: 3.9308e-01 
19-11-28 18:14:44.378 - INFO: [epoch:  0, iter:   6,000, lr:(0.000e+00,3.860e-04,)] l_pix: 1.0983e+00 
19-11-28 18:16:39.481 - INFO: [epoch:  0, iter:   6,050, lr:(0.000e+00,3.857e-04,)] l_pix: 4.6923e-01 
19-11-28 18:18:21.023 - INFO: [epoch:  0, iter:   6,100, lr:(0.000e+00,3.855e-04,)] l_pix: 3.5047e-01 
19-11-28 18:20:23.125 - INFO: [epoch:  0, iter:   6,150, lr:(0.000e+00,3.853e-04,)] l_pix: 4.9059e-01 
19-11-28 18:22:08.944 - INFO: [epoch:  0, iter:   6,200, lr:(0.000e+00,3.850e-04,)] l_pix: 1.8868e-01 
19-11-28 18:23:55.639 - INFO: [epoch:  0, iter:   6,250, lr:(0.000e+00,3.848e-04,)] l_pix: 4.3375e-01 
19-11-28 18:25:43.582 - INFO: [epoch:  0, iter:   6,300, lr:(0.000e+00,3.845e-04,)] l_pix: 4.2195e-01 
19-11-28 18:27:13.249 - INFO: [epoch:  0, iter:   6,350, lr:(0.000e+00,3.843e-04,)] l_pix: 6.2449e-01 
19-11-28 18:28:59.547 - INFO: [epoch:  0, iter:   6,400, lr:(0.000e+00,3.841e-04,)] l_pix: 2.7128e-01 
19-11-28 18:30:54.031 - INFO: [epoch:  0, iter:   6,450, lr:(0.000e+00,3.838e-04,)] l_pix: 5.7323e-01 
19-11-28 18:32:43.028 - INFO: [epoch:  0, iter:   6,500, lr:(0.000e+00,3.836e-04,)] l_pix: 8.1449e-01 
19-11-28 18:34:28.506 - INFO: [epoch:  0, iter:   6,550, lr:(0.000e+00,3.833e-04,)] l_pix: 3.3515e-01 
19-11-28 18:36:07.673 - INFO: [epoch:  0, iter:   6,600, lr:(0.000e+00,3.831e-04,)] l_pix: 4.3086e-01 
19-11-28 18:37:43.952 - INFO: [epoch:  0, iter:   6,650, lr:(0.000e+00,3.828e-04,)] l_pix: 5.1112e-01 
19-11-28 18:39:35.688 - INFO: [epoch:  0, iter:   6,700, lr:(0.000e+00,3.825e-04,)] l_pix: 3.7687e-01 
19-11-28 18:41:38.493 - INFO: [epoch:  0, iter:   6,750, lr:(0.000e+00,3.823e-04,)] l_pix: 4.6249e-01 
19-11-28 18:43:23.030 - INFO: [epoch:  0, iter:   6,800, lr:(0.000e+00,3.820e-04,)] l_pix: 4.9085e-01 
19-11-28 18:45:16.824 - INFO: [epoch:  0, iter:   6,850, lr:(0.000e+00,3.818e-04,)] l_pix: 4.0876e-01 
19-11-28 18:46:59.689 - INFO: [epoch:  0, iter:   6,900, lr:(0.000e+00,3.815e-04,)] l_pix: 4.9361e-01 
19-11-28 18:48:42.273 - INFO: [epoch:  0, iter:   6,950, lr:(0.000e+00,3.812e-04,)] l_pix: 5.6847e-01 
19-11-28 18:50:21.163 - INFO: [epoch:  0, iter:   7,000, lr:(0.000e+00,3.810e-04,)] l_pix: 6.1947e-01 
19-11-28 18:52:09.374 - INFO: [epoch:  0, iter:   7,050, lr:(0.000e+00,3.807e-04,)] l_pix: 5.0592e-01 
19-11-28 18:53:52.431 - INFO: [epoch:  0, iter:   7,100, lr:(0.000e+00,3.804e-04,)] l_pix: 2.9114e-01 
19-11-28 18:55:28.457 - INFO: [epoch:  0, iter:   7,150, lr:(0.000e+00,3.802e-04,)] l_pix: 5.8662e-01 
19-11-28 18:57:30.740 - INFO: [epoch:  0, iter:   7,200, lr:(0.000e+00,3.799e-04,)] l_pix: 5.2758e-01 
19-11-28 18:59:13.557 - INFO: [epoch:  0, iter:   7,250, lr:(0.000e+00,3.796e-04,)] l_pix: 4.4910e-01 
19-11-28 19:01:08.502 - INFO: [epoch:  0, iter:   7,300, lr:(0.000e+00,3.793e-04,)] l_pix: 6.3671e-01 
19-11-28 19:03:04.032 - INFO: [epoch:  0, iter:   7,350, lr:(0.000e+00,3.791e-04,)] l_pix: 5.0719e-01 
19-11-28 19:05:02.682 - INFO: [epoch:  0, iter:   7,400, lr:(0.000e+00,3.788e-04,)] l_pix: 2.6736e-01 
19-11-28 19:06:42.898 - INFO: [epoch:  0, iter:   7,450, lr:(0.000e+00,3.785e-04,)] l_pix: 6.3658e-01 
19-11-28 19:08:37.479 - INFO: [epoch:  0, iter:   7,500, lr:(0.000e+00,3.782e-04,)] l_pix: 4.5195e-01 
19-11-28 19:10:32.056 - INFO: [epoch:  0, iter:   7,550, lr:(0.000e+00,3.779e-04,)] l_pix: 5.8642e-01 
19-11-28 19:12:40.471 - INFO: [epoch:  0, iter:   7,600, lr:(0.000e+00,3.776e-04,)] l_pix: 9.4274e-01 
19-11-28 19:14:21.552 - INFO: [epoch:  0, iter:   7,650, lr:(0.000e+00,3.773e-04,)] l_pix: 3.1711e-01 
19-11-28 19:16:03.425 - INFO: [epoch:  0, iter:   7,700, lr:(0.000e+00,3.771e-04,)] l_pix: 2.9407e-01 
19-11-28 19:17:47.775 - INFO: [epoch:  0, iter:   7,750, lr:(0.000e+00,3.768e-04,)] l_pix: 7.4568e-01 
19-11-28 19:19:28.253 - INFO: [epoch:  0, iter:   7,800, lr:(0.000e+00,3.765e-04,)] l_pix: 6.2824e-01 
19-11-28 19:21:21.839 - INFO: [epoch:  0, iter:   7,850, lr:(0.000e+00,3.762e-04,)] l_pix: 5.4262e-01 
19-11-28 19:23:21.097 - INFO: [epoch:  0, iter:   7,900, lr:(0.000e+00,3.759e-04,)] l_pix: 1.1719e-01 
19-11-28 19:25:14.775 - INFO: [epoch:  0, iter:   7,950, lr:(0.000e+00,3.756e-04,)] l_pix: 2.9937e-01 
19-11-28 19:27:06.875 - INFO: [epoch:  0, iter:   8,000, lr:(0.000e+00,3.753e-04,)] l_pix: 3.8666e-01 
19-11-28 19:29:02.721 - INFO: [epoch:  0, iter:   8,050, lr:(0.000e+00,3.750e-04,)] l_pix: 5.2208e-01 
19-11-28 19:30:43.935 - INFO: [epoch:  0, iter:   8,100, lr:(0.000e+00,3.747e-04,)] l_pix: 2.8080e-01 
19-11-28 19:32:30.650 - INFO: [epoch:  0, iter:   8,150, lr:(0.000e+00,3.744e-04,)] l_pix: 5.0059e-01 
19-11-28 19:34:07.869 - INFO: [epoch:  0, iter:   8,200, lr:(0.000e+00,3.740e-04,)] l_pix: 4.0863e-01 
19-11-28 19:35:52.128 - INFO: [epoch:  0, iter:   8,250, lr:(0.000e+00,3.737e-04,)] l_pix: 4.6014e-01 
19-11-28 19:37:47.235 - INFO: [epoch:  0, iter:   8,300, lr:(0.000e+00,3.734e-04,)] l_pix: 7.3969e-01 
19-11-28 19:39:28.965 - INFO: [epoch:  0, iter:   8,350, lr:(0.000e+00,3.731e-04,)] l_pix: 3.9754e-01 
19-11-28 19:41:19.954 - INFO: [epoch:  0, iter:   8,400, lr:(0.000e+00,3.728e-04,)] l_pix: 5.4836e-01 
19-11-28 19:42:44.469 - INFO: [epoch:  0, iter:   8,450, lr:(0.000e+00,3.725e-04,)] l_pix: 4.7243e-01 
19-11-28 19:44:18.193 - INFO: [epoch:  0, iter:   8,500, lr:(0.000e+00,3.722e-04,)] l_pix: 7.2524e-01 
19-11-28 19:46:03.313 - INFO: [epoch:  0, iter:   8,550, lr:(0.000e+00,3.718e-04,)] l_pix: 3.8991e-01 
19-11-28 19:47:52.038 - INFO: [epoch:  0, iter:   8,600, lr:(0.000e+00,3.715e-04,)] l_pix: 1.0204e+00 
19-11-28 19:49:35.707 - INFO: [epoch:  0, iter:   8,650, lr:(0.000e+00,3.712e-04,)] l_pix: 3.4692e-01 
19-11-28 19:51:23.992 - INFO: [epoch:  0, iter:   8,700, lr:(0.000e+00,3.709e-04,)] l_pix: 3.0674e-01 
19-11-28 19:53:17.060 - INFO: [epoch:  0, iter:   8,750, lr:(0.000e+00,3.705e-04,)] l_pix: 4.6477e-01 
19-11-28 19:55:05.018 - INFO: [epoch:  0, iter:   8,800, lr:(0.000e+00,3.702e-04,)] l_pix: 8.0097e-01 
19-11-28 19:56:47.699 - INFO: [epoch:  0, iter:   8,850, lr:(0.000e+00,3.699e-04,)] l_pix: 4.4385e-01 
19-11-28 19:58:22.362 - INFO: [epoch:  0, iter:   8,900, lr:(0.000e+00,3.695e-04,)] l_pix: 1.8842e-01 
19-11-28 20:00:17.963 - INFO: [epoch:  0, iter:   8,950, lr:(0.000e+00,3.692e-04,)] l_pix: 9.1001e-01 
19-11-28 20:02:03.723 - INFO: [epoch:  0, iter:   9,000, lr:(0.000e+00,3.689e-04,)] l_pix: 5.4072e-01 
19-11-28 20:03:44.329 - INFO: [epoch:  0, iter:   9,050, lr:(0.000e+00,3.685e-04,)] l_pix: 3.5666e-01 
19-11-28 20:05:35.159 - INFO: [epoch:  0, iter:   9,100, lr:(0.000e+00,3.682e-04,)] l_pix: 4.1194e-01 
19-11-28 20:07:09.574 - INFO: [epoch:  0, iter:   9,150, lr:(0.000e+00,3.679e-04,)] l_pix: 2.1552e-01 
19-11-28 20:08:47.959 - INFO: [epoch:  0, iter:   9,200, lr:(0.000e+00,3.675e-04,)] l_pix: 4.2356e-01 
19-11-28 20:10:45.710 - INFO: [epoch:  0, iter:   9,250, lr:(0.000e+00,3.672e-04,)] l_pix: 7.0349e-01 
19-11-28 20:12:27.796 - INFO: [epoch:  0, iter:   9,300, lr:(0.000e+00,3.668e-04,)] l_pix: 3.2574e-01 
19-11-28 20:14:02.196 - INFO: [epoch:  0, iter:   9,350, lr:(0.000e+00,3.665e-04,)] l_pix: 6.3985e-01 
19-11-28 20:15:42.487 - INFO: [epoch:  0, iter:   9,400, lr:(0.000e+00,3.661e-04,)] l_pix: 5.8504e-01 
19-11-28 20:17:29.455 - INFO: [epoch:  0, iter:   9,450, lr:(0.000e+00,3.658e-04,)] l_pix: 6.1663e-01 
19-11-28 20:19:10.048 - INFO: [epoch:  0, iter:   9,500, lr:(0.000e+00,3.654e-04,)] l_pix: 4.9634e-01 
19-11-28 20:20:56.690 - INFO: [epoch:  0, iter:   9,550, lr:(0.000e+00,3.651e-04,)] l_pix: 4.6896e-01 
19-11-28 20:22:33.460 - INFO: [epoch:  0, iter:   9,600, lr:(0.000e+00,3.647e-04,)] l_pix: 3.4479e-01 
19-11-28 20:24:25.945 - INFO: [epoch:  0, iter:   9,650, lr:(0.000e+00,3.644e-04,)] l_pix: 6.8079e-01 
19-11-28 20:26:21.035 - INFO: [epoch:  0, iter:   9,700, lr:(0.000e+00,3.640e-04,)] l_pix: 3.2868e-01 
19-11-28 20:28:08.915 - INFO: [epoch:  0, iter:   9,750, lr:(0.000e+00,3.636e-04,)] l_pix: 3.8985e-01 
19-11-28 20:29:47.462 - INFO: [epoch:  0, iter:   9,800, lr:(0.000e+00,3.633e-04,)] l_pix: 2.9594e-01 
19-11-28 20:31:35.552 - INFO: [epoch:  0, iter:   9,850, lr:(0.000e+00,3.629e-04,)] l_pix: 1.5914e-01 
19-11-28 20:33:23.674 - INFO: [epoch:  0, iter:   9,900, lr:(0.000e+00,3.625e-04,)] l_pix: 4.0941e-01 
19-11-28 20:35:10.119 - INFO: [epoch:  0, iter:   9,950, lr:(0.000e+00,3.622e-04,)] l_pix: 6.7586e-01 
19-11-28 20:36:56.655 - INFO: [epoch:  0, iter:  10,000, lr:(0.000e+00,3.618e-04,)] l_pix: 3.4650e-01 
19-11-28 22:50:20.423 - INFO: # Validation # PSNR: 3.6001e+01: 10091373: 3.8185e+01 10099858: 4.0094e+01 10126908: 3.8659e+01 10272022: 3.1515e+01 10306321: 3.1555e+01
19-11-28 22:50:20.423 - INFO: Saving models and training states.
19-11-28 22:52:18.096 - INFO: [epoch:  0, iter:  10,050, lr:(0.000e+00,3.614e-04,)] l_pix: 6.2872e-01 
19-11-28 22:53:55.483 - INFO: [epoch:  0, iter:  10,100, lr:(0.000e+00,3.611e-04,)] l_pix: 2.7717e-01 
19-11-28 22:55:40.489 - INFO: [epoch:  0, iter:  10,150, lr:(0.000e+00,3.607e-04,)] l_pix: 1.0046e+00 
19-11-28 22:57:14.558 - INFO: [epoch:  0, iter:  10,200, lr:(0.000e+00,3.603e-04,)] l_pix: 5.7847e-01 
19-11-28 22:58:59.551 - INFO: [epoch:  0, iter:  10,250, lr:(0.000e+00,3.599e-04,)] l_pix: 4.3219e-01 
19-11-28 23:00:25.767 - INFO: [epoch:  0, iter:  10,300, lr:(0.000e+00,3.596e-04,)] l_pix: 2.6947e-01 
19-11-28 23:01:50.378 - INFO: [epoch:  0, iter:  10,350, lr:(0.000e+00,3.592e-04,)] l_pix: 4.1052e-01 
19-11-28 23:03:24.475 - INFO: [epoch:  0, iter:  10,400, lr:(0.000e+00,3.588e-04,)] l_pix: 6.5689e-01 
19-11-28 23:05:07.211 - INFO: [epoch:  0, iter:  10,450, lr:(0.000e+00,3.584e-04,)] l_pix: 6.5678e-01 
19-11-28 23:06:58.622 - INFO: [epoch:  0, iter:  10,500, lr:(0.000e+00,3.580e-04,)] l_pix: 4.6957e-01 
19-11-28 23:08:46.303 - INFO: [epoch:  0, iter:  10,550, lr:(0.000e+00,3.577e-04,)] l_pix: 5.0399e-01 
19-11-28 23:10:29.422 - INFO: [epoch:  0, iter:  10,600, lr:(0.000e+00,3.573e-04,)] l_pix: 5.9358e-01 
19-11-28 23:12:20.478 - INFO: [epoch:  0, iter:  10,650, lr:(0.000e+00,3.569e-04,)] l_pix: 4.9006e-01 
19-11-28 23:14:12.954 - INFO: [epoch:  0, iter:  10,700, lr:(0.000e+00,3.565e-04,)] l_pix: 4.5813e-01 
19-11-28 23:15:53.903 - INFO: [epoch:  0, iter:  10,750, lr:(0.000e+00,3.561e-04,)] l_pix: 4.5233e-01 
19-11-28 23:17:41.016 - INFO: [epoch:  0, iter:  10,800, lr:(0.000e+00,3.557e-04,)] l_pix: 3.7768e-01 
19-11-28 23:19:25.984 - INFO: [epoch:  0, iter:  10,850, lr:(0.000e+00,3.553e-04,)] l_pix: 4.4083e-01 
19-11-28 23:21:11.648 - INFO: [epoch:  0, iter:  10,900, lr:(0.000e+00,3.549e-04,)] l_pix: 3.8738e-01 
19-11-28 23:23:01.178 - INFO: [epoch:  0, iter:  10,950, lr:(0.000e+00,3.545e-04,)] l_pix: 6.6238e-01 
19-11-28 23:24:49.029 - INFO: [epoch:  0, iter:  11,000, lr:(0.000e+00,3.541e-04,)] l_pix: 5.3431e-01 
19-11-28 23:26:36.872 - INFO: [epoch:  0, iter:  11,050, lr:(0.000e+00,3.537e-04,)] l_pix: 7.5779e-01 
19-11-28 23:28:20.236 - INFO: [epoch:  0, iter:  11,100, lr:(0.000e+00,3.533e-04,)] l_pix: 5.0822e-01 
19-11-28 23:30:07.557 - INFO: [epoch:  0, iter:  11,150, lr:(0.000e+00,3.529e-04,)] l_pix: 4.4213e-01 
19-11-28 23:31:40.966 - INFO: [epoch:  0, iter:  11,200, lr:(0.000e+00,3.525e-04,)] l_pix: 4.9047e-01 
19-11-28 23:33:37.932 - INFO: [epoch:  0, iter:  11,250, lr:(0.000e+00,3.521e-04,)] l_pix: 5.2215e-01 
19-11-28 23:35:30.745 - INFO: [epoch:  0, iter:  11,300, lr:(0.000e+00,3.517e-04,)] l_pix: 5.5322e-01 
19-11-28 23:37:17.201 - INFO: [epoch:  0, iter:  11,350, lr:(0.000e+00,3.513e-04,)] l_pix: 3.8384e-01 
19-11-28 23:39:09.156 - INFO: [epoch:  0, iter:  11,400, lr:(0.000e+00,3.509e-04,)] l_pix: 5.3243e-01 
19-11-28 23:40:55.981 - INFO: [epoch:  0, iter:  11,450, lr:(0.000e+00,3.504e-04,)] l_pix: 8.8101e-01 
19-11-28 23:42:36.948 - INFO: [epoch:  0, iter:  11,500, lr:(0.000e+00,3.500e-04,)] l_pix: 4.8957e-01 
19-11-28 23:44:38.640 - INFO: [epoch:  0, iter:  11,550, lr:(0.000e+00,3.496e-04,)] l_pix: 5.4477e-01 
19-11-28 23:46:34.602 - INFO: [epoch:  0, iter:  11,600, lr:(0.000e+00,3.492e-04,)] l_pix: 4.4815e-01 
19-11-28 23:48:25.175 - INFO: [epoch:  0, iter:  11,650, lr:(0.000e+00,3.488e-04,)] l_pix: 4.9155e-01 
19-11-28 23:50:19.795 - INFO: [epoch:  0, iter:  11,700, lr:(0.000e+00,3.484e-04,)] l_pix: 5.8967e-01 
19-11-28 23:52:15.599 - INFO: [epoch:  0, iter:  11,750, lr:(0.000e+00,3.479e-04,)] l_pix: 6.7260e-01 
19-11-28 23:54:06.148 - INFO: [epoch:  0, iter:  11,800, lr:(0.000e+00,3.475e-04,)] l_pix: 3.7043e-01 
19-11-28 23:55:57.848 - INFO: [epoch:  0, iter:  11,850, lr:(0.000e+00,3.471e-04,)] l_pix: 5.8742e-01 
19-11-28 23:57:57.848 - INFO: [epoch:  0, iter:  11,900, lr:(0.000e+00,3.467e-04,)] l_pix: 6.8733e-01 
19-11-28 23:59:46.704 - INFO: [epoch:  0, iter:  11,950, lr:(0.000e+00,3.462e-04,)] l_pix: 2.9389e-01 
19-11-29 00:01:45.680 - INFO: [epoch:  0, iter:  12,000, lr:(0.000e+00,3.458e-04,)] l_pix: 5.8127e-01 
19-11-29 00:03:36.038 - INFO: [epoch:  0, iter:  12,050, lr:(0.000e+00,3.454e-04,)] l_pix: 3.7774e-01 
19-11-29 00:05:22.946 - INFO: [epoch:  0, iter:  12,100, lr:(0.000e+00,3.449e-04,)] l_pix: 6.2476e-01 
19-11-29 00:07:16.640 - INFO: [epoch:  0, iter:  12,150, lr:(0.000e+00,3.445e-04,)] l_pix: 7.0977e-01 
19-11-29 00:09:12.163 - INFO: [epoch:  0, iter:  12,200, lr:(0.000e+00,3.441e-04,)] l_pix: 3.4327e-01 
19-11-29 00:11:07.813 - INFO: [epoch:  0, iter:  12,250, lr:(0.000e+00,3.436e-04,)] l_pix: 6.5285e-01 
19-11-29 00:13:15.735 - INFO: [epoch:  0, iter:  12,300, lr:(0.000e+00,3.432e-04,)] l_pix: 2.9658e-01 
19-11-29 00:15:22.999 - INFO: [epoch:  0, iter:  12,350, lr:(0.000e+00,3.428e-04,)] l_pix: 5.0159e-01 
19-11-29 00:17:30.490 - INFO: [epoch:  0, iter:  12,400, lr:(0.000e+00,3.423e-04,)] l_pix: 5.1262e-01 
19-11-29 00:19:17.105 - INFO: [epoch:  0, iter:  12,450, lr:(0.000e+00,3.419e-04,)] l_pix: 3.4187e-01 
19-11-29 00:21:12.227 - INFO: [epoch:  0, iter:  12,500, lr:(0.000e+00,3.414e-04,)] l_pix: 3.6154e-01 
19-11-29 00:23:06.823 - INFO: [epoch:  0, iter:  12,550, lr:(0.000e+00,3.410e-04,)] l_pix: 3.8128e-01 
19-11-29 00:25:01.688 - INFO: [epoch:  0, iter:  12,600, lr:(0.000e+00,3.405e-04,)] l_pix: 5.4975e-01 
19-11-29 00:27:14.722 - INFO: [epoch:  0, iter:  12,650, lr:(0.000e+00,3.401e-04,)] l_pix: 5.2987e-01 
19-11-29 00:29:11.543 - INFO: [epoch:  0, iter:  12,700, lr:(0.000e+00,3.396e-04,)] l_pix: 5.0735e-01 
19-11-29 00:31:06.523 - INFO: [epoch:  0, iter:  12,750, lr:(0.000e+00,3.392e-04,)] l_pix: 4.9123e-01 
19-11-29 00:33:01.215 - INFO: [epoch:  0, iter:  12,800, lr:(0.000e+00,3.387e-04,)] l_pix: 7.2304e-01 
19-11-29 00:34:54.770 - INFO: [epoch:  0, iter:  12,850, lr:(0.000e+00,3.383e-04,)] l_pix: 9.6499e-01 
19-11-29 00:36:54.267 - INFO: [epoch:  0, iter:  12,900, lr:(0.000e+00,3.378e-04,)] l_pix: 5.4787e-01 
19-11-29 00:38:51.488 - INFO: [epoch:  0, iter:  12,950, lr:(0.000e+00,3.374e-04,)] l_pix: 4.6499e-01 
19-11-29 00:41:00.522 - INFO: [epoch:  0, iter:  13,000, lr:(0.000e+00,3.369e-04,)] l_pix: 7.9872e-01 
19-11-29 00:42:56.454 - INFO: [epoch:  0, iter:  13,050, lr:(0.000e+00,3.365e-04,)] l_pix: 2.8537e-01 
19-11-29 00:45:07.309 - INFO: [epoch:  0, iter:  13,100, lr:(0.000e+00,3.360e-04,)] l_pix: 3.1091e-01 
19-11-29 00:47:17.257 - INFO: [epoch:  0, iter:  13,150, lr:(0.000e+00,3.355e-04,)] l_pix: 4.6074e-01 
19-11-29 00:49:12.682 - INFO: [epoch:  0, iter:  13,200, lr:(0.000e+00,3.351e-04,)] l_pix: 3.1968e-01 
19-11-29 00:51:02.974 - INFO: [epoch:  0, iter:  13,250, lr:(0.000e+00,3.346e-04,)] l_pix: 3.3522e-01 
19-11-29 00:52:59.223 - INFO: [epoch:  0, iter:  13,300, lr:(0.000e+00,3.342e-04,)] l_pix: 3.3503e-01 
19-11-29 00:54:53.667 - INFO: [epoch:  0, iter:  13,350, lr:(0.000e+00,3.337e-04,)] l_pix: 3.3244e-01 
19-11-29 00:56:41.731 - INFO: [epoch:  0, iter:  13,400, lr:(0.000e+00,3.332e-04,)] l_pix: 2.6358e-01 
19-11-29 00:58:42.269 - INFO: [epoch:  0, iter:  13,450, lr:(0.000e+00,3.327e-04,)] l_pix: 3.8409e-01 
19-11-29 01:00:29.051 - INFO: [epoch:  0, iter:  13,500, lr:(0.000e+00,3.323e-04,)] l_pix: 7.2640e-01 
19-11-29 01:02:24.283 - INFO: [epoch:  0, iter:  13,550, lr:(0.000e+00,3.318e-04,)] l_pix: 3.7101e-01 
19-11-29 01:04:12.705 - INFO: [epoch:  0, iter:  13,600, lr:(0.000e+00,3.313e-04,)] l_pix: 7.6425e-01 
19-11-29 01:06:02.969 - INFO: [epoch:  0, iter:  13,650, lr:(0.000e+00,3.309e-04,)] l_pix: 5.9530e-01 
19-11-29 01:07:50.755 - INFO: [epoch:  0, iter:  13,700, lr:(0.000e+00,3.304e-04,)] l_pix: 3.8825e-01 
19-11-29 01:09:30.535 - INFO: [epoch:  0, iter:  13,750, lr:(0.000e+00,3.299e-04,)] l_pix: 4.9820e-01 
19-11-29 01:11:23.221 - INFO: [epoch:  0, iter:  13,800, lr:(0.000e+00,3.294e-04,)] l_pix: 5.5729e-01 
19-11-29 01:13:16.351 - INFO: [epoch:  0, iter:  13,850, lr:(0.000e+00,3.289e-04,)] l_pix: 1.0877e+00 
19-11-29 01:15:06.862 - INFO: [epoch:  0, iter:  13,900, lr:(0.000e+00,3.285e-04,)] l_pix: 3.3778e-01 
19-11-29 01:17:11.617 - INFO: [epoch:  0, iter:  13,950, lr:(0.000e+00,3.280e-04,)] l_pix: 4.4612e-01 
19-11-29 01:19:01.908 - INFO: [epoch:  0, iter:  14,000, lr:(0.000e+00,3.275e-04,)] l_pix: 6.4241e-01 
19-11-29 01:20:43.771 - INFO: [epoch:  0, iter:  14,050, lr:(0.000e+00,3.270e-04,)] l_pix: 3.7304e-01 
19-11-29 01:22:45.639 - INFO: [epoch:  0, iter:  14,100, lr:(0.000e+00,3.265e-04,)] l_pix: 3.7214e-01 
19-11-29 01:24:29.410 - INFO: [epoch:  0, iter:  14,150, lr:(0.000e+00,3.260e-04,)] l_pix: 7.4225e-01 
19-11-29 01:26:18.340 - INFO: [epoch:  0, iter:  14,200, lr:(0.000e+00,3.256e-04,)] l_pix: 4.4644e-01 
19-11-29 01:28:01.944 - INFO: [epoch:  0, iter:  14,250, lr:(0.000e+00,3.251e-04,)] l_pix: 1.5656e-01 
19-11-29 01:29:58.409 - INFO: [epoch:  0, iter:  14,300, lr:(0.000e+00,3.246e-04,)] l_pix: 3.1249e-01 
19-11-29 01:31:36.209 - INFO: [epoch:  0, iter:  14,350, lr:(0.000e+00,3.241e-04,)] l_pix: 5.9239e-01 
19-11-29 01:33:10.296 - INFO: [epoch:  0, iter:  14,400, lr:(0.000e+00,3.236e-04,)] l_pix: 6.8299e-01 
19-11-29 01:34:45.439 - INFO: [epoch:  0, iter:  14,450, lr:(0.000e+00,3.231e-04,)] l_pix: 4.7143e-01 
19-11-29 01:36:40.542 - INFO: [epoch:  0, iter:  14,500, lr:(0.000e+00,3.226e-04,)] l_pix: 2.1429e-01 
19-11-29 01:38:22.495 - INFO: [epoch:  0, iter:  14,550, lr:(0.000e+00,3.221e-04,)] l_pix: 7.3804e-01 
19-11-29 01:40:13.030 - INFO: [epoch:  0, iter:  14,600, lr:(0.000e+00,3.216e-04,)] l_pix: 9.1096e-01 
19-11-29 01:42:05.525 - INFO: [epoch:  0, iter:  14,650, lr:(0.000e+00,3.211e-04,)] l_pix: 4.2973e-01 
19-11-29 01:43:56.089 - INFO: [epoch:  0, iter:  14,700, lr:(0.000e+00,3.206e-04,)] l_pix: 5.6143e-01 
19-11-29 01:45:53.700 - INFO: [epoch:  0, iter:  14,750, lr:(0.000e+00,3.201e-04,)] l_pix: 6.1122e-01 
19-11-29 01:47:52.800 - INFO: [epoch:  0, iter:  14,800, lr:(0.000e+00,3.196e-04,)] l_pix: 7.4887e-01 
19-11-29 01:49:52.170 - INFO: [epoch:  0, iter:  14,850, lr:(0.000e+00,3.191e-04,)] l_pix: 9.4627e-01 
19-11-29 01:51:48.784 - INFO: [epoch:  0, iter:  14,900, lr:(0.000e+00,3.186e-04,)] l_pix: 4.0509e-01 
19-11-29 01:53:44.335 - INFO: [epoch:  0, iter:  14,950, lr:(0.000e+00,3.181e-04,)] l_pix: 3.9217e-01 
19-11-29 01:55:21.605 - INFO: [epoch:  0, iter:  15,000, lr:(0.000e+00,3.176e-04,)] l_pix: 2.7565e-01 
19-11-29 01:57:12.398 - INFO: [epoch:  0, iter:  15,050, lr:(0.000e+00,3.171e-04,)] l_pix: 5.5879e-01 
19-11-29 01:59:15.448 - INFO: [epoch:  0, iter:  15,100, lr:(0.000e+00,3.166e-04,)] l_pix: 4.3529e-01 
19-11-29 02:01:01.208 - INFO: [epoch:  0, iter:  15,150, lr:(0.000e+00,3.160e-04,)] l_pix: 6.1225e-01 
19-11-29 02:02:38.837 - INFO: [epoch:  0, iter:  15,200, lr:(0.000e+00,3.155e-04,)] l_pix: 4.9271e-01 
19-11-29 02:04:27.519 - INFO: [epoch:  0, iter:  15,250, lr:(0.000e+00,3.150e-04,)] l_pix: 3.4589e-01 
19-11-29 02:06:19.588 - INFO: [epoch:  0, iter:  15,300, lr:(0.000e+00,3.145e-04,)] l_pix: 4.4239e-01 
19-11-29 02:08:03.022 - INFO: [epoch:  0, iter:  15,350, lr:(0.000e+00,3.140e-04,)] l_pix: 8.1637e-01 
19-11-29 02:09:45.244 - INFO: [epoch:  0, iter:  15,400, lr:(0.000e+00,3.135e-04,)] l_pix: 7.3056e-01 
19-11-29 02:11:17.180 - INFO: [epoch:  0, iter:  15,450, lr:(0.000e+00,3.130e-04,)] l_pix: 5.5376e-01 
19-11-29 02:13:06.176 - INFO: [epoch:  0, iter:  15,500, lr:(0.000e+00,3.124e-04,)] l_pix: 6.4076e-01 
19-11-29 02:14:42.940 - INFO: [epoch:  0, iter:  15,550, lr:(0.000e+00,3.119e-04,)] l_pix: 5.8600e-01 
19-11-29 02:16:49.207 - INFO: [epoch:  0, iter:  15,600, lr:(0.000e+00,3.114e-04,)] l_pix: 6.0547e-01 
19-11-29 02:18:39.113 - INFO: [epoch:  0, iter:  15,650, lr:(0.000e+00,3.109e-04,)] l_pix: 4.6999e-01 
19-11-29 02:20:27.814 - INFO: [epoch:  0, iter:  15,700, lr:(0.000e+00,3.104e-04,)] l_pix: 3.9607e-01 
19-11-29 02:22:15.811 - INFO: [epoch:  0, iter:  15,750, lr:(0.000e+00,3.098e-04,)] l_pix: 5.3230e-01 
19-11-29 02:23:59.925 - INFO: [epoch:  0, iter:  15,800, lr:(0.000e+00,3.093e-04,)] l_pix: 7.3193e-01 
19-11-29 02:25:51.757 - INFO: [epoch:  0, iter:  15,850, lr:(0.000e+00,3.088e-04,)] l_pix: 4.9249e-01 
19-11-29 02:27:41.862 - INFO: [epoch:  0, iter:  15,900, lr:(0.000e+00,3.082e-04,)] l_pix: 3.9697e-01 
19-11-29 02:29:34.772 - INFO: [epoch:  0, iter:  15,950, lr:(0.000e+00,3.077e-04,)] l_pix: 4.0099e-01 
19-11-29 02:31:12.041 - INFO: [epoch:  0, iter:  16,000, lr:(0.000e+00,3.072e-04,)] l_pix: 4.5648e-01 
19-11-29 02:32:54.117 - INFO: [epoch:  0, iter:  16,050, lr:(0.000e+00,3.067e-04,)] l_pix: 6.1807e-01 
19-11-29 02:34:33.497 - INFO: [epoch:  0, iter:  16,100, lr:(0.000e+00,3.061e-04,)] l_pix: 5.1754e-01 
19-11-29 02:36:14.437 - INFO: [epoch:  0, iter:  16,150, lr:(0.000e+00,3.056e-04,)] l_pix: 4.2454e-01 
19-11-29 02:38:07.794 - INFO: [epoch:  0, iter:  16,200, lr:(0.000e+00,3.051e-04,)] l_pix: 6.3482e-01 
19-11-29 02:39:51.393 - INFO: [epoch:  0, iter:  16,250, lr:(0.000e+00,3.045e-04,)] l_pix: 5.2030e-01 
19-11-29 02:41:59.840 - INFO: [epoch:  0, iter:  16,300, lr:(0.000e+00,3.040e-04,)] l_pix: 4.3354e-01 
19-11-29 02:43:47.869 - INFO: [epoch:  0, iter:  16,350, lr:(0.000e+00,3.035e-04,)] l_pix: 3.7099e-01 
19-11-29 02:45:20.109 - INFO: [epoch:  0, iter:  16,400, lr:(0.000e+00,3.029e-04,)] l_pix: 6.1997e-01 
19-11-29 02:46:47.073 - INFO: [epoch:  0, iter:  16,450, lr:(0.000e+00,3.024e-04,)] l_pix: 4.3925e-01 
19-11-29 02:48:44.954 - INFO: [epoch:  0, iter:  16,500, lr:(0.000e+00,3.018e-04,)] l_pix: 3.8298e-01 
19-11-29 02:50:41.802 - INFO: [epoch:  0, iter:  16,550, lr:(0.000e+00,3.013e-04,)] l_pix: 4.3039e-01 
19-11-29 02:52:22.153 - INFO: [epoch:  0, iter:  16,600, lr:(0.000e+00,3.007e-04,)] l_pix: 4.3483e-01 
19-11-29 02:54:05.164 - INFO: [epoch:  0, iter:  16,650, lr:(0.000e+00,3.002e-04,)] l_pix: 3.8870e-01 
19-11-29 02:56:00.093 - INFO: [epoch:  0, iter:  16,700, lr:(0.000e+00,2.997e-04,)] l_pix: 2.5012e-01 
19-11-29 02:57:38.903 - INFO: [epoch:  0, iter:  16,750, lr:(0.000e+00,2.991e-04,)] l_pix: 2.7241e-01 
19-11-29 02:59:39.695 - INFO: [epoch:  0, iter:  16,800, lr:(0.000e+00,2.986e-04,)] l_pix: 2.0242e-01 
19-11-29 03:01:28.856 - INFO: [epoch:  0, iter:  16,850, lr:(0.000e+00,2.980e-04,)] l_pix: 4.1612e-01 
19-11-29 03:03:18.457 - INFO: [epoch:  0, iter:  16,900, lr:(0.000e+00,2.975e-04,)] l_pix: 4.7981e-01 
19-11-29 03:05:07.100 - INFO: [epoch:  0, iter:  16,950, lr:(0.000e+00,2.969e-04,)] l_pix: 5.3036e-01 
19-11-29 03:06:56.342 - INFO: [epoch:  0, iter:  17,000, lr:(0.000e+00,2.964e-04,)] l_pix: 4.5799e-01 
19-11-29 03:08:32.780 - INFO: [epoch:  0, iter:  17,050, lr:(0.000e+00,2.958e-04,)] l_pix: 3.8254e-01 
19-11-29 03:10:21.945 - INFO: [epoch:  0, iter:  17,100, lr:(0.000e+00,2.953e-04,)] l_pix: 3.3948e-01 
19-11-29 03:12:08.954 - INFO: [epoch:  0, iter:  17,150, lr:(0.000e+00,2.947e-04,)] l_pix: 6.5800e-01 
19-11-29 03:13:49.528 - INFO: [epoch:  0, iter:  17,200, lr:(0.000e+00,2.942e-04,)] l_pix: 5.2530e-01 
19-11-29 03:15:28.692 - INFO: [epoch:  0, iter:  17,250, lr:(0.000e+00,2.936e-04,)] l_pix: 5.7258e-01 
19-11-29 03:17:24.967 - INFO: [epoch:  0, iter:  17,300, lr:(0.000e+00,2.931e-04,)] l_pix: 3.0680e-01 
19-11-29 03:19:11.879 - INFO: [epoch:  0, iter:  17,350, lr:(0.000e+00,2.925e-04,)] l_pix: 3.3028e-01 
19-11-29 03:20:47.608 - INFO: [epoch:  0, iter:  17,400, lr:(0.000e+00,2.919e-04,)] l_pix: 3.4900e-01 
19-11-29 03:22:55.014 - INFO: [epoch:  0, iter:  17,450, lr:(0.000e+00,2.914e-04,)] l_pix: 4.2640e-01 
19-11-29 03:24:35.106 - INFO: [epoch:  0, iter:  17,500, lr:(0.000e+00,2.908e-04,)] l_pix: 4.4557e-01 
19-11-29 03:26:10.118 - INFO: [epoch:  0, iter:  17,550, lr:(0.000e+00,2.903e-04,)] l_pix: 3.8843e-01 
19-11-29 03:28:05.611 - INFO: [epoch:  0, iter:  17,600, lr:(0.000e+00,2.897e-04,)] l_pix: 3.0338e-01 
19-11-29 03:29:47.782 - INFO: [epoch:  0, iter:  17,650, lr:(0.000e+00,2.891e-04,)] l_pix: 2.5613e-01 
19-11-29 03:31:25.475 - INFO: [epoch:  0, iter:  17,700, lr:(0.000e+00,2.886e-04,)] l_pix: 3.5360e-01 
19-11-29 03:33:16.639 - INFO: [epoch:  0, iter:  17,750, lr:(0.000e+00,2.880e-04,)] l_pix: 5.8269e-01 
19-11-29 03:35:01.158 - INFO: [epoch:  0, iter:  17,800, lr:(0.000e+00,2.875e-04,)] l_pix: 3.9781e-01 
19-11-29 03:36:52.885 - INFO: [epoch:  0, iter:  17,850, lr:(0.000e+00,2.869e-04,)] l_pix: 2.6704e-01 
19-11-29 03:38:41.677 - INFO: [epoch:  0, iter:  17,900, lr:(0.000e+00,2.863e-04,)] l_pix: 9.4106e-02 
19-11-29 03:40:24.195 - INFO: [epoch:  0, iter:  17,950, lr:(0.000e+00,2.858e-04,)] l_pix: 6.8680e-01 
19-11-29 03:42:10.716 - INFO: [epoch:  0, iter:  18,000, lr:(0.000e+00,2.852e-04,)] l_pix: 4.8043e-01 
19-11-29 03:44:03.929 - INFO: [epoch:  0, iter:  18,050, lr:(0.000e+00,2.846e-04,)] l_pix: 2.6899e-01 
19-11-29 03:45:43.297 - INFO: [epoch:  0, iter:  18,100, lr:(0.000e+00,2.840e-04,)] l_pix: 5.2725e-01 
19-11-29 03:47:16.157 - INFO: [epoch:  0, iter:  18,150, lr:(0.000e+00,2.835e-04,)] l_pix: 1.3477e-01 
19-11-29 03:48:47.453 - INFO: [epoch:  0, iter:  18,200, lr:(0.000e+00,2.829e-04,)] l_pix: 3.7068e-01 
19-11-29 03:50:39.896 - INFO: [epoch:  0, iter:  18,250, lr:(0.000e+00,2.823e-04,)] l_pix: 4.0600e-01 
19-11-29 03:52:24.009 - INFO: [epoch:  0, iter:  18,300, lr:(0.000e+00,2.818e-04,)] l_pix: 4.6404e-01 
19-11-29 03:54:15.125 - INFO: [epoch:  0, iter:  18,350, lr:(0.000e+00,2.812e-04,)] l_pix: 5.3041e-01 
19-11-29 03:55:58.124 - INFO: [epoch:  0, iter:  18,400, lr:(0.000e+00,2.806e-04,)] l_pix: 4.2289e-01 
19-11-29 03:57:40.269 - INFO: [epoch:  0, iter:  18,450, lr:(0.000e+00,2.800e-04,)] l_pix: 4.5207e-01 
19-11-29 03:59:30.223 - INFO: [epoch:  0, iter:  18,500, lr:(0.000e+00,2.795e-04,)] l_pix: 4.8329e-01 
19-11-29 04:01:16.330 - INFO: [epoch:  0, iter:  18,550, lr:(0.000e+00,2.789e-04,)] l_pix: 3.2129e-01 
19-11-29 04:02:40.811 - INFO: [epoch:  0, iter:  18,600, lr:(0.000e+00,2.783e-04,)] l_pix: 5.9404e-01 
19-11-29 04:04:30.577 - INFO: [epoch:  0, iter:  18,650, lr:(0.000e+00,2.777e-04,)] l_pix: 3.8283e-01 
19-11-29 04:06:24.238 - INFO: [epoch:  0, iter:  18,700, lr:(0.000e+00,2.771e-04,)] l_pix: 4.0899e-01 
19-11-29 04:08:04.086 - INFO: [epoch:  0, iter:  18,750, lr:(0.000e+00,2.766e-04,)] l_pix: 3.8145e-01 
19-11-29 04:09:54.203 - INFO: [epoch:  0, iter:  18,800, lr:(0.000e+00,2.760e-04,)] l_pix: 4.0248e-01 
19-11-29 04:11:37.178 - INFO: [epoch:  0, iter:  18,850, lr:(0.000e+00,2.754e-04,)] l_pix: 6.7203e-01 
19-11-29 04:13:15.071 - INFO: [epoch:  0, iter:  18,900, lr:(0.000e+00,2.748e-04,)] l_pix: 4.4178e-01 
19-11-29 04:14:58.120 - INFO: [epoch:  0, iter:  18,950, lr:(0.000e+00,2.742e-04,)] l_pix: 3.6328e-01 
19-11-29 04:16:49.305 - INFO: [epoch:  0, iter:  19,000, lr:(0.000e+00,2.737e-04,)] l_pix: 4.1192e-01 
19-11-29 04:18:36.222 - INFO: [epoch:  0, iter:  19,050, lr:(0.000e+00,2.731e-04,)] l_pix: 6.6109e-01 
19-11-29 04:20:28.012 - INFO: [epoch:  0, iter:  19,100, lr:(0.000e+00,2.725e-04,)] l_pix: 5.3642e-01 
19-11-29 04:22:19.233 - INFO: [epoch:  0, iter:  19,150, lr:(0.000e+00,2.719e-04,)] l_pix: 3.5225e-01 
19-11-29 04:24:04.703 - INFO: [epoch:  0, iter:  19,200, lr:(0.000e+00,2.713e-04,)] l_pix: 3.5872e-01 
19-11-29 04:25:45.263 - INFO: [epoch:  0, iter:  19,250, lr:(0.000e+00,2.707e-04,)] l_pix: 3.8242e-01 
19-11-29 04:27:24.708 - INFO: [epoch:  0, iter:  19,300, lr:(0.000e+00,2.701e-04,)] l_pix: 4.2497e-01 
19-11-29 04:29:06.773 - INFO: [epoch:  0, iter:  19,350, lr:(0.000e+00,2.696e-04,)] l_pix: 5.4686e-01 
19-11-29 04:30:49.329 - INFO: [epoch:  0, iter:  19,400, lr:(0.000e+00,2.690e-04,)] l_pix: 3.3051e-01 
19-11-29 04:32:34.716 - INFO: [epoch:  0, iter:  19,450, lr:(0.000e+00,2.684e-04,)] l_pix: 3.3367e-01 
19-11-29 04:34:24.649 - INFO: [epoch:  0, iter:  19,500, lr:(0.000e+00,2.678e-04,)] l_pix: 6.0159e-01 
19-11-29 04:36:10.621 - INFO: [epoch:  0, iter:  19,550, lr:(0.000e+00,2.672e-04,)] l_pix: 3.9299e-01 
19-11-29 04:38:10.063 - INFO: [epoch:  0, iter:  19,600, lr:(0.000e+00,2.666e-04,)] l_pix: 2.9167e-01 
19-11-29 04:40:03.152 - INFO: [epoch:  0, iter:  19,650, lr:(0.000e+00,2.660e-04,)] l_pix: 4.8326e-01 
19-11-29 04:42:10.829 - INFO: [epoch:  0, iter:  19,700, lr:(0.000e+00,2.654e-04,)] l_pix: 2.7927e-01 
19-11-29 04:44:09.986 - INFO: [epoch:  0, iter:  19,750, lr:(0.000e+00,2.648e-04,)] l_pix: 8.1037e-01 
19-11-29 04:46:17.757 - INFO: [epoch:  0, iter:  19,800, lr:(0.000e+00,2.642e-04,)] l_pix: 4.5804e-01 
19-11-29 04:48:15.038 - INFO: [epoch:  0, iter:  19,850, lr:(0.000e+00,2.636e-04,)] l_pix: 4.8535e-01 
19-11-29 04:50:08.949 - INFO: [epoch:  0, iter:  19,900, lr:(0.000e+00,2.630e-04,)] l_pix: 2.8642e-01 
19-11-29 04:51:58.943 - INFO: [epoch:  0, iter:  19,950, lr:(0.000e+00,2.624e-04,)] l_pix: 4.4838e-01 
19-11-29 04:53:51.745 - INFO: [epoch:  0, iter:  20,000, lr:(0.000e+00,2.618e-04,)] l_pix: 3.0641e-01 
19-11-29 07:14:16.848 - INFO: # Validation # PSNR: 3.6002e+01: 10091373: 3.8207e+01 10099858: 4.0128e+01 10126908: 3.8653e+01 10272022: 3.1474e+01 10306321: 3.1545e+01
19-11-29 07:14:16.849 - INFO: Saving models and training states.
19-11-29 07:16:01.495 - INFO: [epoch:  0, iter:  20,050, lr:(0.000e+00,2.612e-04,)] l_pix: 4.0426e-01 
19-11-29 07:17:33.963 - INFO: [epoch:  0, iter:  20,100, lr:(0.000e+00,2.606e-04,)] l_pix: 3.4615e-01 
19-11-29 07:19:08.404 - INFO: [epoch:  0, iter:  20,150, lr:(0.000e+00,2.600e-04,)] l_pix: 3.3530e-01 
19-11-29 07:20:50.017 - INFO: [epoch:  0, iter:  20,200, lr:(0.000e+00,2.594e-04,)] l_pix: 6.0368e-01 
19-11-29 07:22:23.513 - INFO: [epoch:  0, iter:  20,250, lr:(0.000e+00,2.588e-04,)] l_pix: 7.7153e-01 
19-11-29 07:24:02.064 - INFO: [epoch:  0, iter:  20,300, lr:(0.000e+00,2.582e-04,)] l_pix: 5.2408e-01 
19-11-29 07:25:48.149 - INFO: [epoch:  0, iter:  20,350, lr:(0.000e+00,2.576e-04,)] l_pix: 3.3005e-01 
19-11-29 07:27:13.375 - INFO: [epoch:  0, iter:  20,400, lr:(0.000e+00,2.570e-04,)] l_pix: 5.2262e-01 
19-11-29 07:28:53.417 - INFO: [epoch:  0, iter:  20,450, lr:(0.000e+00,2.564e-04,)] l_pix: 3.4614e-01 
19-11-29 07:30:35.754 - INFO: [epoch:  0, iter:  20,500, lr:(0.000e+00,2.558e-04,)] l_pix: 3.6955e-01 
19-11-29 07:32:40.042 - INFO: [epoch:  0, iter:  20,550, lr:(0.000e+00,2.552e-04,)] l_pix: 3.2073e-01 
19-11-29 07:34:16.708 - INFO: [epoch:  0, iter:  20,600, lr:(0.000e+00,2.546e-04,)] l_pix: 2.2635e-01 
19-11-29 07:36:09.406 - INFO: [epoch:  0, iter:  20,650, lr:(0.000e+00,2.540e-04,)] l_pix: 5.1656e-01 
19-11-29 07:37:41.473 - INFO: [epoch:  0, iter:  20,700, lr:(0.000e+00,2.534e-04,)] l_pix: 4.0713e-01 
19-11-29 07:39:32.323 - INFO: [epoch:  0, iter:  20,750, lr:(0.000e+00,2.528e-04,)] l_pix: 4.6687e-01 
19-11-29 07:41:35.233 - INFO: [epoch:  0, iter:  20,800, lr:(0.000e+00,2.522e-04,)] l_pix: 2.8778e-01 
19-11-29 07:43:32.248 - INFO: [epoch:  0, iter:  20,850, lr:(0.000e+00,2.516e-04,)] l_pix: 4.9648e-01 
19-11-29 07:45:16.229 - INFO: [epoch:  0, iter:  20,900, lr:(0.000e+00,2.510e-04,)] l_pix: 4.4574e-01 
19-11-29 07:46:57.361 - INFO: [epoch:  0, iter:  20,950, lr:(0.000e+00,2.504e-04,)] l_pix: 2.4529e-01 
19-11-29 07:48:47.543 - INFO: [epoch:  0, iter:  21,000, lr:(0.000e+00,2.498e-04,)] l_pix: 5.0522e-01 
19-11-29 07:50:33.249 - INFO: [epoch:  0, iter:  21,050, lr:(0.000e+00,2.492e-04,)] l_pix: 6.7271e-01 
19-11-29 07:52:25.519 - INFO: [epoch:  0, iter:  21,100, lr:(0.000e+00,2.486e-04,)] l_pix: 4.8830e-01 
19-11-29 07:54:10.108 - INFO: [epoch:  0, iter:  21,150, lr:(0.000e+00,2.479e-04,)] l_pix: 3.8706e-01 
19-11-29 07:55:55.454 - INFO: [epoch:  0, iter:  21,200, lr:(0.000e+00,2.473e-04,)] l_pix: 7.2720e-01 
19-11-29 07:57:37.766 - INFO: [epoch:  0, iter:  21,250, lr:(0.000e+00,2.467e-04,)] l_pix: 4.6332e-01 
19-11-29 07:59:19.757 - INFO: [epoch:  0, iter:  21,300, lr:(0.000e+00,2.461e-04,)] l_pix: 3.8815e-01 
19-11-29 08:01:00.817 - INFO: [epoch:  0, iter:  21,350, lr:(0.000e+00,2.455e-04,)] l_pix: 3.7947e-01 
19-11-29 08:02:49.765 - INFO: [epoch:  0, iter:  21,400, lr:(0.000e+00,2.449e-04,)] l_pix: 5.9368e-01 
19-11-29 08:04:26.161 - INFO: [epoch:  0, iter:  21,450, lr:(0.000e+00,2.443e-04,)] l_pix: 5.7649e-01 
19-11-29 08:06:07.541 - INFO: [epoch:  0, iter:  21,500, lr:(0.000e+00,2.437e-04,)] l_pix: 5.9218e-01 
19-11-29 08:07:45.253 - INFO: [epoch:  0, iter:  21,550, lr:(0.000e+00,2.431e-04,)] l_pix: 6.7435e-01 
19-11-29 08:09:33.798 - INFO: [epoch:  0, iter:  21,600, lr:(0.000e+00,2.424e-04,)] l_pix: 3.8687e-01 
19-11-29 08:11:15.371 - INFO: [epoch:  0, iter:  21,650, lr:(0.000e+00,2.418e-04,)] l_pix: 5.8876e-01 
19-11-29 08:12:57.687 - INFO: [epoch:  0, iter:  21,700, lr:(0.000e+00,2.412e-04,)] l_pix: 4.2870e-01 
19-11-29 08:14:48.133 - INFO: [epoch:  0, iter:  21,750, lr:(0.000e+00,2.406e-04,)] l_pix: 6.4242e-01 
19-11-29 08:16:42.874 - INFO: [epoch:  0, iter:  21,800, lr:(0.000e+00,2.400e-04,)] l_pix: 4.9250e-01 
19-11-29 08:18:37.075 - INFO: [epoch:  0, iter:  21,850, lr:(0.000e+00,2.394e-04,)] l_pix: 5.1503e-01 
19-11-29 08:20:29.920 - INFO: [epoch:  0, iter:  21,900, lr:(0.000e+00,2.388e-04,)] l_pix: 5.2926e-01 
19-11-29 08:22:46.563 - INFO: [epoch:  0, iter:  21,950, lr:(0.000e+00,2.381e-04,)] l_pix: 3.0484e-01 
19-11-29 08:24:48.480 - INFO: [epoch:  0, iter:  22,000, lr:(0.000e+00,2.375e-04,)] l_pix: 5.4990e-01 
19-11-29 08:26:40.622 - INFO: [epoch:  0, iter:  22,050, lr:(0.000e+00,2.369e-04,)] l_pix: 3.0048e-01 
19-11-29 08:28:43.191 - INFO: [epoch:  0, iter:  22,100, lr:(0.000e+00,2.363e-04,)] l_pix: 3.0528e-01 
19-11-29 08:30:37.968 - INFO: [epoch:  0, iter:  22,150, lr:(0.000e+00,2.357e-04,)] l_pix: 3.8666e-01 
19-11-29 08:32:24.880 - INFO: [epoch:  0, iter:  22,200, lr:(0.000e+00,2.350e-04,)] l_pix: 3.9085e-01 
19-11-29 08:33:48.394 - INFO: [epoch:  0, iter:  22,250, lr:(0.000e+00,2.344e-04,)] l_pix: 3.6582e-01 
19-11-29 08:35:40.715 - INFO: [epoch:  0, iter:  22,300, lr:(0.000e+00,2.338e-04,)] l_pix: 4.2456e-01 
19-11-29 08:37:40.051 - INFO: [epoch:  0, iter:  22,350, lr:(0.000e+00,2.332e-04,)] l_pix: 7.4625e-01 
