19-11-18 17:13:04.321 - INFO:   name: EDVR_train_all
  use_tb_logger: False
  model: video_base
  distortion: sr
  scale: 4
  gpu_ids: [6, 7, 8, 9]
  datasets:[
    train:[
      name: unlmdb
      mode: unlmdb
      interval_list: [1]
      random_reverse: False
      border_mode: False
      dataroot_GT: /home/lzy/Downloads/EDVR-master/datasets/all_data/gt
      dataroot_LQ: /home/lzy/Downloads/EDVR-master/datasets/all_data/input
      cache_keys: None
      N_frames: 5
      use_shuffle: True
      n_workers: 4
      batch_size: 4
      GT_size: 1200
      LQ_size: 300
      use_flip: True
      use_rot: True
      color: RGB
      cache_data: False
      phase: train
      scale: 4
      data_type: img
    ]
    val:[
      name: REDS4
      mode: video_test
      dataroot_GT: /home/lzy/Downloads/EDVR-master/datasets/pngs/gt
      dataroot_LQ: /home/lzy/Downloads/EDVR-master/datasets/pngs/input
      cache_data: False
      N_frames: 5
      padding: new_info
      phase: val
      scale: 4
      data_type: img
    ]
  ]
  network_G:[
    which_model_G: EDVR
    nf: 64
    nframes: 5
    groups: 8
    front_RBs: 5
    back_RBs: 10
    predeblur: True
    HR_in: False
    w_TSA: True
    scale: 4
  ]
  path:[
    pretrain_model_G: /home/lzy/Downloads/EDVR-master/experiments/EDVR_train_all/models/205000_G.pth
    strict_load: False
    resume_state: /home/lzy/Downloads/EDVR-master/experiments/EDVR_train_all/training_state/205000.state
    root: /home/lzy/Downloads/EDVR-master
    experiments_root: /home/lzy/Downloads/EDVR-master/experiments/EDVR_train_all
    models: /home/lzy/Downloads/EDVR-master/experiments/EDVR_train_all/models
    training_state: /home/lzy/Downloads/EDVR-master/experiments/EDVR_train_all/training_state
    log: /home/lzy/Downloads/EDVR-master/experiments/EDVR_train_all
    val_images: /home/lzy/Downloads/EDVR-master/experiments/EDVR_train_all/val_images
  ]
  train:[
    lr_G: 0.0004
    lr_scheme: CosineAnnealingLR_Restart
    beta1: 0.9
    beta2: 0.99
    niter: 600000
    ft_tsa_only: 50000
    warmup_iter: -1
    T_period: [50000, 100000, 150000, 150000, 150000]
    restarts: [50000, 150000, 300000, 450000]
    restart_weights: [1, 1, 1, 1]
    eta_min: 1e-07
    pixel_criterion: psnr_ssim
    pixel_weight: 1.0
    val_freq: 5000.0
    manual_seed: 0
  ]
  logger:[
    print_freq: 50
    save_checkpoint_freq: 5000.0
  ]
  is_train: True
  dist: True

19-11-18 17:13:04.321 - INFO: Random seed: 0
19-11-18 17:13:04.324 - INFO: Temporal augmentation interval list: [1], with random reverse is False.
19-11-18 17:13:04.948 - INFO: Dataset [MyDataset - unlmdb] is created.
19-11-18 17:13:04.949 - INFO: Number of train images: 69,486, iters: 17,372
19-11-18 17:13:04.949 - INFO: Total epochs needed: 1 for iters 600,000
19-11-18 17:13:04.954 - INFO: Dataset [VideoTestDataset - REDS4] is created.
19-11-18 17:13:04.954 - INFO: Number of val images in [REDS4]: 500
19-11-18 17:13:08.799 - INFO: Network G structure: DistributedDataParallel, with parameters: 3,968,995
19-11-18 17:13:08.799 - INFO: EDVR(
  (pre_deblur): Predeblur_ResNet_Pyramid(
    (conv_first): Conv2d(3, 64, kernel_size=(3, 3), stride=(1, 1), padding=(1, 1))
    (RB_L1_1): ResidualBlock_noBN(
      (conv1): Conv2d(64, 64, kernel_size=(3, 3), stride=(1, 1), padding=(1, 1))
      (conv2): Conv2d(64, 64, kernel_size=(3, 3), stride=(1, 1), padding=(1, 1))
    )
    (RB_L1_2): ResidualBlock_noBN(
      (conv1): Conv2d(64, 64, kernel_size=(3, 3), stride=(1, 1), padding=(1, 1))
      (conv2): Conv2d(64, 64, kernel_size=(3, 3), stride=(1, 1), padding=(1, 1))
    )
    (RB_L1_3): ResidualBlock_noBN(
      (conv1): Conv2d(64, 64, kernel_size=(3, 3), stride=(1, 1), padding=(1, 1))
      (conv2): Conv2d(64, 64, kernel_size=(3, 3), stride=(1, 1), padding=(1, 1))
    )
    (RB_L1_4): ResidualBlock_noBN(
      (conv1): Conv2d(64, 64, kernel_size=(3, 3), stride=(1, 1), padding=(1, 1))
      (conv2): Conv2d(64, 64, kernel_size=(3, 3), stride=(1, 1), padding=(1, 1))
    )
    (RB_L1_5): ResidualBlock_noBN(
      (conv1): Conv2d(64, 64, kernel_size=(3, 3), stride=(1, 1), padding=(1, 1))
      (conv2): Conv2d(64, 64, kernel_size=(3, 3), stride=(1, 1), padding=(1, 1))
    )
    (RB_L2_1): ResidualBlock_noBN(
      (conv1): Conv2d(64, 64, kernel_size=(3, 3), stride=(1, 1), padding=(1, 1))
      (conv2): Conv2d(64, 64, kernel_size=(3, 3), stride=(1, 1), padding=(1, 1))
    )
    (RB_L2_2): ResidualBlock_noBN(
      (conv1): Conv2d(64, 64, kernel_size=(3, 3), stride=(1, 1), padding=(1, 1))
      (conv2): Conv2d(64, 64, kernel_size=(3, 3), stride=(1, 1), padding=(1, 1))
    )
    (RB_L3_1): ResidualBlock_noBN(
      (conv1): Conv2d(64, 64, kernel_size=(3, 3), stride=(1, 1), padding=(1, 1))
      (conv2): Conv2d(64, 64, kernel_size=(3, 3), stride=(1, 1), padding=(1, 1))
    )
    (deblur_L2_conv): Conv2d(64, 64, kernel_size=(3, 3), stride=(2, 2), padding=(1, 1))
    (deblur_L3_conv): Conv2d(64, 64, kernel_size=(3, 3), stride=(2, 2), padding=(1, 1))
    (lrelu): LeakyReLU(negative_slope=0.1, inplace)
  )
  (conv_1x1): Conv2d(64, 64, kernel_size=(1, 1), stride=(1, 1))
  (feature_extraction): Sequential(
    (0): ResidualBlock_noBN(
      (conv1): Conv2d(64, 64, kernel_size=(3, 3), stride=(1, 1), padding=(1, 1))
      (conv2): Conv2d(64, 64, kernel_size=(3, 3), stride=(1, 1), padding=(1, 1))
    )
    (1): ResidualBlock_noBN(
      (conv1): Conv2d(64, 64, kernel_size=(3, 3), stride=(1, 1), padding=(1, 1))
      (conv2): Conv2d(64, 64, kernel_size=(3, 3), stride=(1, 1), padding=(1, 1))
    )
    (2): ResidualBlock_noBN(
      (conv1): Conv2d(64, 64, kernel_size=(3, 3), stride=(1, 1), padding=(1, 1))
      (conv2): Conv2d(64, 64, kernel_size=(3, 3), stride=(1, 1), padding=(1, 1))
    )
    (3): ResidualBlock_noBN(
      (conv1): Conv2d(64, 64, kernel_size=(3, 3), stride=(1, 1), padding=(1, 1))
      (conv2): Conv2d(64, 64, kernel_size=(3, 3), stride=(1, 1), padding=(1, 1))
    )
    (4): ResidualBlock_noBN(
      (conv1): Conv2d(64, 64, kernel_size=(3, 3), stride=(1, 1), padding=(1, 1))
      (conv2): Conv2d(64, 64, kernel_size=(3, 3), stride=(1, 1), padding=(1, 1))
    )
  )
  (fea_L2_conv1): Conv2d(64, 64, kernel_size=(3, 3), stride=(2, 2), padding=(1, 1))
  (fea_L2_conv2): Conv2d(64, 64, kernel_size=(3, 3), stride=(1, 1), padding=(1, 1))
  (fea_L3_conv1): Conv2d(64, 64, kernel_size=(3, 3), stride=(2, 2), padding=(1, 1))
  (fea_L3_conv2): Conv2d(64, 64, kernel_size=(3, 3), stride=(1, 1), padding=(1, 1))
  (pcd_align): PCD_Align(
    (L3_offset_conv1): Conv2d(128, 64, kernel_size=(3, 3), stride=(1, 1), padding=(1, 1))
    (L3_offset_conv2): Conv2d(64, 64, kernel_size=(3, 3), stride=(1, 1), padding=(1, 1))
    (L3_dcnpack): ModulatedDeformConvPack(
      (conv_offset_mask): Conv2d(64, 216, kernel_size=(3, 3), stride=(1, 1), padding=(1, 1))
    )
    (L2_offset_conv1): Conv2d(128, 64, kernel_size=(3, 3), stride=(1, 1), padding=(1, 1))
    (L2_offset_conv2): Conv2d(128, 64, kernel_size=(3, 3), stride=(1, 1), padding=(1, 1))
    (L2_offset_conv3): Conv2d(64, 64, kernel_size=(3, 3), stride=(1, 1), padding=(1, 1))
    (L2_dcnpack): ModulatedDeformConvPack(
      (conv_offset_mask): Conv2d(64, 216, kernel_size=(3, 3), stride=(1, 1), padding=(1, 1))
    )
    (L2_fea_conv): Conv2d(128, 64, kernel_size=(3, 3), stride=(1, 1), padding=(1, 1))
    (L1_offset_conv1): Conv2d(128, 64, kernel_size=(3, 3), stride=(1, 1), padding=(1, 1))
    (L1_offset_conv2): Conv2d(128, 64, kernel_size=(3, 3), stride=(1, 1), padding=(1, 1))
    (L1_offset_conv3): Conv2d(64, 64, kernel_size=(3, 3), stride=(1, 1), padding=(1, 1))
    (L1_dcnpack): ModulatedDeformConvPack(
      (conv_offset_mask): Conv2d(64, 216, kernel_size=(3, 3), stride=(1, 1), padding=(1, 1))
    )
    (L1_fea_conv): Conv2d(128, 64, kernel_size=(3, 3), stride=(1, 1), padding=(1, 1))
    (cas_offset_conv1): Conv2d(128, 64, kernel_size=(3, 3), stride=(1, 1), padding=(1, 1))
    (cas_offset_conv2): Conv2d(64, 64, kernel_size=(3, 3), stride=(1, 1), padding=(1, 1))
    (cas_dcnpack): ModulatedDeformConvPack(
      (conv_offset_mask): Conv2d(64, 216, kernel_size=(3, 3), stride=(1, 1), padding=(1, 1))
    )
    (lrelu): LeakyReLU(negative_slope=0.1, inplace)
  )
  (tsa_fusion): TSA_Fusion(
    (tAtt_1): Conv2d(64, 64, kernel_size=(3, 3), stride=(1, 1), padding=(1, 1))
    (tAtt_2): Conv2d(64, 64, kernel_size=(3, 3), stride=(1, 1), padding=(1, 1))
    (fea_fusion): Conv2d(320, 64, kernel_size=(1, 1), stride=(1, 1))
    (sAtt_1): Conv2d(320, 64, kernel_size=(1, 1), stride=(1, 1))
    (maxpool): MaxPool2d(kernel_size=3, stride=2, padding=1, dilation=1, ceil_mode=False)
    (avgpool): AvgPool2d(kernel_size=3, stride=2, padding=1)
    (sAtt_2): Conv2d(128, 64, kernel_size=(1, 1), stride=(1, 1))
    (sAtt_3): Conv2d(64, 64, kernel_size=(3, 3), stride=(1, 1), padding=(1, 1))
    (sAtt_4): Conv2d(64, 64, kernel_size=(1, 1), stride=(1, 1))
    (sAtt_5): Conv2d(64, 64, kernel_size=(3, 3), stride=(1, 1), padding=(1, 1))
    (sAtt_L1): Conv2d(64, 64, kernel_size=(1, 1), stride=(1, 1))
    (sAtt_L2): Conv2d(128, 64, kernel_size=(3, 3), stride=(1, 1), padding=(1, 1))
    (sAtt_L3): Conv2d(64, 64, kernel_size=(3, 3), stride=(1, 1), padding=(1, 1))
    (sAtt_add_1): Conv2d(64, 64, kernel_size=(1, 1), stride=(1, 1))
    (sAtt_add_2): Conv2d(64, 64, kernel_size=(1, 1), stride=(1, 1))
    (lrelu): LeakyReLU(negative_slope=0.1, inplace)
  )
  (recon_trunk): Sequential(
    (0): ResidualBlock_noBN(
      (conv1): Conv2d(64, 64, kernel_size=(3, 3), stride=(1, 1), padding=(1, 1))
      (conv2): Conv2d(64, 64, kernel_size=(3, 3), stride=(1, 1), padding=(1, 1))
    )
    (1): ResidualBlock_noBN(
      (conv1): Conv2d(64, 64, kernel_size=(3, 3), stride=(1, 1), padding=(1, 1))
      (conv2): Conv2d(64, 64, kernel_size=(3, 3), stride=(1, 1), padding=(1, 1))
    )
    (2): ResidualBlock_noBN(
      (conv1): Conv2d(64, 64, kernel_size=(3, 3), stride=(1, 1), padding=(1, 1))
      (conv2): Conv2d(64, 64, kernel_size=(3, 3), stride=(1, 1), padding=(1, 1))
    )
    (3): ResidualBlock_noBN(
      (conv1): Conv2d(64, 64, kernel_size=(3, 3), stride=(1, 1), padding=(1, 1))
      (conv2): Conv2d(64, 64, kernel_size=(3, 3), stride=(1, 1), padding=(1, 1))
    )
    (4): ResidualBlock_noBN(
      (conv1): Conv2d(64, 64, kernel_size=(3, 3), stride=(1, 1), padding=(1, 1))
      (conv2): Conv2d(64, 64, kernel_size=(3, 3), stride=(1, 1), padding=(1, 1))
    )
    (5): ResidualBlock_noBN(
      (conv1): Conv2d(64, 64, kernel_size=(3, 3), stride=(1, 1), padding=(1, 1))
      (conv2): Conv2d(64, 64, kernel_size=(3, 3), stride=(1, 1), padding=(1, 1))
    )
    (6): ResidualBlock_noBN(
      (conv1): Conv2d(64, 64, kernel_size=(3, 3), stride=(1, 1), padding=(1, 1))
      (conv2): Conv2d(64, 64, kernel_size=(3, 3), stride=(1, 1), padding=(1, 1))
    )
    (7): ResidualBlock_noBN(
      (conv1): Conv2d(64, 64, kernel_size=(3, 3), stride=(1, 1), padding=(1, 1))
      (conv2): Conv2d(64, 64, kernel_size=(3, 3), stride=(1, 1), padding=(1, 1))
    )
    (8): ResidualBlock_noBN(
      (conv1): Conv2d(64, 64, kernel_size=(3, 3), stride=(1, 1), padding=(1, 1))
      (conv2): Conv2d(64, 64, kernel_size=(3, 3), stride=(1, 1), padding=(1, 1))
    )
    (9): ResidualBlock_noBN(
      (conv1): Conv2d(64, 64, kernel_size=(3, 3), stride=(1, 1), padding=(1, 1))
      (conv2): Conv2d(64, 64, kernel_size=(3, 3), stride=(1, 1), padding=(1, 1))
    )
  )
  (upconv1): Conv2d(64, 256, kernel_size=(3, 3), stride=(1, 1), padding=(1, 1))
  (upconv2): Conv2d(64, 256, kernel_size=(3, 3), stride=(1, 1), padding=(1, 1))
  (pixel_shuffle): PixelShuffle(upscale_factor=2)
  (HRconv): Conv2d(64, 64, kernel_size=(3, 3), stride=(1, 1), padding=(1, 1))
  (conv_last): Conv2d(64, 3, kernel_size=(3, 3), stride=(1, 1), padding=(1, 1))
  (lrelu): LeakyReLU(negative_slope=0.1, inplace)
)
19-11-18 17:13:08.799 - INFO: Loading model for G [/home/lzy/Downloads/EDVR-master/experiments/EDVR_train_all/models/205000_G.pth] ...
19-11-18 17:13:08.884 - INFO: Model [VideoBaseModel] is created.
19-11-18 17:13:08.884 - INFO: Resuming training from epoch: 0, iter: 205000.
19-11-18 17:13:08.967 - INFO: Start training from epoch: 0, iter: 205000
19-11-18 17:15:10.495 - INFO: [epoch:  0, iter: 205,050, lr:(2.812e-04,2.812e-04,)] l_pix: 3.8560e-01 
19-11-18 17:17:06.717 - INFO: [epoch:  0, iter: 205,100, lr:(2.810e-04,2.810e-04,)] l_pix: 6.3808e-01 
19-11-18 17:19:06.127 - INFO: [epoch:  0, iter: 205,150, lr:(2.808e-04,2.808e-04,)] l_pix: 4.9996e-01 
19-11-18 17:20:52.729 - INFO: [epoch:  0, iter: 205,200, lr:(2.806e-04,2.806e-04,)] l_pix: 7.0446e-01 
19-11-18 17:22:40.662 - INFO: [epoch:  0, iter: 205,250, lr:(2.804e-04,2.804e-04,)] l_pix: 7.5215e-01 
19-11-18 17:24:29.115 - INFO: [epoch:  0, iter: 205,300, lr:(2.802e-04,2.802e-04,)] l_pix: 4.6907e-01 
19-11-18 17:26:30.344 - INFO: [epoch:  0, iter: 205,350, lr:(2.800e-04,2.800e-04,)] l_pix: 4.1565e-01 
19-11-18 17:28:38.715 - INFO: [epoch:  0, iter: 205,400, lr:(2.798e-04,2.798e-04,)] l_pix: 3.8625e-01 
19-11-18 17:30:19.760 - INFO: [epoch:  0, iter: 205,450, lr:(2.797e-04,2.797e-04,)] l_pix: 4.0376e-01 
19-11-18 17:32:18.521 - INFO: [epoch:  0, iter: 205,500, lr:(2.795e-04,2.795e-04,)] l_pix: 5.1805e-01 
19-11-18 17:33:58.267 - INFO: [epoch:  0, iter: 205,550, lr:(2.793e-04,2.793e-04,)] l_pix: 1.2203e-01 
19-11-18 17:36:04.806 - INFO: [epoch:  0, iter: 205,600, lr:(2.791e-04,2.791e-04,)] l_pix: 3.7937e-01 
19-11-18 17:38:10.274 - INFO: [epoch:  0, iter: 205,650, lr:(2.789e-04,2.789e-04,)] l_pix: 3.8233e-01 
19-11-18 17:40:13.110 - INFO: [epoch:  0, iter: 205,700, lr:(2.787e-04,2.787e-04,)] l_pix: 3.5557e-01 
19-11-18 17:42:15.566 - INFO: [epoch:  0, iter: 205,750, lr:(2.785e-04,2.785e-04,)] l_pix: 4.6390e-01 
19-11-18 17:43:59.943 - INFO: [epoch:  0, iter: 205,800, lr:(2.783e-04,2.783e-04,)] l_pix: 5.3495e-01 
19-11-18 17:45:49.971 - INFO: [epoch:  0, iter: 205,850, lr:(2.781e-04,2.781e-04,)] l_pix: 2.3517e-01 
19-11-18 17:47:45.543 - INFO: [epoch:  0, iter: 205,900, lr:(2.779e-04,2.779e-04,)] l_pix: 2.9564e-01 
19-11-18 17:49:54.344 - INFO: [epoch:  0, iter: 205,950, lr:(2.777e-04,2.777e-04,)] l_pix: 4.9623e-01 
19-11-18 17:51:44.634 - INFO: [epoch:  0, iter: 206,000, lr:(2.775e-04,2.775e-04,)] l_pix: 4.7347e-01 
19-11-18 17:53:40.217 - INFO: [epoch:  0, iter: 206,050, lr:(2.773e-04,2.773e-04,)] l_pix: 4.0952e-01 
19-11-18 17:55:44.399 - INFO: [epoch:  0, iter: 206,100, lr:(2.772e-04,2.772e-04,)] l_pix: 4.3746e-01 
19-11-18 17:57:39.647 - INFO: [epoch:  0, iter: 206,150, lr:(2.770e-04,2.770e-04,)] l_pix: 5.7084e-01 
19-11-18 17:59:34.997 - INFO: [epoch:  0, iter: 206,200, lr:(2.768e-04,2.768e-04,)] l_pix: 4.5192e-01 
19-11-18 18:01:26.881 - INFO: [epoch:  0, iter: 206,250, lr:(2.766e-04,2.766e-04,)] l_pix: 3.4484e-01 
19-11-18 18:03:14.161 - INFO: [epoch:  0, iter: 206,300, lr:(2.764e-04,2.764e-04,)] l_pix: 5.0882e-01 
19-11-18 18:05:10.342 - INFO: [epoch:  0, iter: 206,350, lr:(2.762e-04,2.762e-04,)] l_pix: 3.7033e-01 
19-11-18 18:07:19.294 - INFO: [epoch:  0, iter: 206,400, lr:(2.760e-04,2.760e-04,)] l_pix: 4.0918e-01 
19-11-18 18:09:11.595 - INFO: [epoch:  0, iter: 206,450, lr:(2.758e-04,2.758e-04,)] l_pix: 6.1137e-01 
19-11-18 18:11:01.034 - INFO: [epoch:  0, iter: 206,500, lr:(2.756e-04,2.756e-04,)] l_pix: 5.8211e-01 
19-11-18 18:13:10.934 - INFO: [epoch:  0, iter: 206,550, lr:(2.754e-04,2.754e-04,)] l_pix: 3.9238e-01 
19-11-18 18:15:15.851 - INFO: [epoch:  0, iter: 206,600, lr:(2.752e-04,2.752e-04,)] l_pix: 3.4031e-01 
19-11-18 18:17:04.409 - INFO: [epoch:  0, iter: 206,650, lr:(2.750e-04,2.750e-04,)] l_pix: 5.9493e-01 
19-11-18 18:18:49.779 - INFO: [epoch:  0, iter: 206,700, lr:(2.748e-04,2.748e-04,)] l_pix: 4.9986e-01 
19-11-18 18:20:44.112 - INFO: [epoch:  0, iter: 206,750, lr:(2.746e-04,2.746e-04,)] l_pix: 5.2629e-01 
19-11-18 18:22:23.205 - INFO: [epoch:  0, iter: 206,800, lr:(2.744e-04,2.744e-04,)] l_pix: 6.5906e-01 
19-11-18 18:24:24.621 - INFO: [epoch:  0, iter: 206,850, lr:(2.742e-04,2.742e-04,)] l_pix: 2.5788e-01 
19-11-18 18:26:09.361 - INFO: [epoch:  0, iter: 206,900, lr:(2.740e-04,2.740e-04,)] l_pix: 2.5661e-01 
19-11-18 18:28:12.119 - INFO: [epoch:  0, iter: 206,950, lr:(2.739e-04,2.739e-04,)] l_pix: 5.1179e-01 
19-11-18 18:30:13.135 - INFO: [epoch:  0, iter: 207,000, lr:(2.737e-04,2.737e-04,)] l_pix: 4.0634e-01 
19-11-18 18:32:15.527 - INFO: [epoch:  0, iter: 207,050, lr:(2.735e-04,2.735e-04,)] l_pix: 4.9373e-01 
19-11-18 18:34:00.184 - INFO: [epoch:  0, iter: 207,100, lr:(2.733e-04,2.733e-04,)] l_pix: 5.6744e-01 
19-11-18 18:36:13.428 - INFO: [epoch:  0, iter: 207,150, lr:(2.731e-04,2.731e-04,)] l_pix: 3.5936e-01 
19-11-18 18:38:17.616 - INFO: [epoch:  0, iter: 207,200, lr:(2.729e-04,2.729e-04,)] l_pix: 5.6371e-01 
19-11-18 18:40:14.189 - INFO: [epoch:  0, iter: 207,250, lr:(2.727e-04,2.727e-04,)] l_pix: 5.6407e-01 
19-11-18 18:42:06.716 - INFO: [epoch:  0, iter: 207,300, lr:(2.725e-04,2.725e-04,)] l_pix: 4.6025e-01 
19-11-18 18:43:48.724 - INFO: [epoch:  0, iter: 207,350, lr:(2.723e-04,2.723e-04,)] l_pix: 5.4524e-01 
19-11-18 18:45:36.267 - INFO: [epoch:  0, iter: 207,400, lr:(2.721e-04,2.721e-04,)] l_pix: 5.3993e-01 
19-11-18 18:47:46.000 - INFO: [epoch:  0, iter: 207,450, lr:(2.719e-04,2.719e-04,)] l_pix: 4.9503e-01 
19-11-18 18:49:39.156 - INFO: [epoch:  0, iter: 207,500, lr:(2.717e-04,2.717e-04,)] l_pix: 5.5771e-01 
19-11-18 18:51:33.922 - INFO: [epoch:  0, iter: 207,550, lr:(2.715e-04,2.715e-04,)] l_pix: 8.6090e-01 
19-11-18 18:53:29.487 - INFO: [epoch:  0, iter: 207,600, lr:(2.713e-04,2.713e-04,)] l_pix: 3.6591e-01 
19-11-18 18:55:25.945 - INFO: [epoch:  0, iter: 207,650, lr:(2.711e-04,2.711e-04,)] l_pix: 4.1128e-01 
19-11-18 18:57:26.383 - INFO: [epoch:  0, iter: 207,700, lr:(2.709e-04,2.709e-04,)] l_pix: 4.1989e-01 
19-11-18 18:59:25.580 - INFO: [epoch:  0, iter: 207,750, lr:(2.707e-04,2.707e-04,)] l_pix: 4.5033e-01 
19-11-18 19:01:24.001 - INFO: [epoch:  0, iter: 207,800, lr:(2.705e-04,2.705e-04,)] l_pix: 2.6549e-01 
19-11-18 19:03:14.590 - INFO: [epoch:  0, iter: 207,850, lr:(2.703e-04,2.703e-04,)] l_pix: 2.5112e-01 
19-11-18 19:05:01.157 - INFO: [epoch:  0, iter: 207,900, lr:(2.701e-04,2.701e-04,)] l_pix: 4.0126e-01 
19-11-18 19:06:55.920 - INFO: [epoch:  0, iter: 207,950, lr:(2.699e-04,2.699e-04,)] l_pix: 5.0223e-01 
19-11-18 19:08:49.515 - INFO: [epoch:  0, iter: 208,000, lr:(2.698e-04,2.698e-04,)] l_pix: 4.9530e-01 
19-11-18 19:10:37.345 - INFO: [epoch:  0, iter: 208,050, lr:(2.696e-04,2.696e-04,)] l_pix: 3.6384e-01 
19-11-18 19:12:23.249 - INFO: [epoch:  0, iter: 208,100, lr:(2.694e-04,2.694e-04,)] l_pix: 3.5750e-01 
19-11-18 19:14:23.160 - INFO: [epoch:  0, iter: 208,150, lr:(2.692e-04,2.692e-04,)] l_pix: 7.3548e-01 
19-11-18 19:16:24.115 - INFO: [epoch:  0, iter: 208,200, lr:(2.690e-04,2.690e-04,)] l_pix: 5.5412e-01 
19-11-18 19:18:10.613 - INFO: [epoch:  0, iter: 208,250, lr:(2.688e-04,2.688e-04,)] l_pix: 5.2517e-01 
19-11-18 19:19:53.792 - INFO: [epoch:  0, iter: 208,300, lr:(2.686e-04,2.686e-04,)] l_pix: 3.3114e-01 
19-11-18 19:21:53.278 - INFO: [epoch:  0, iter: 208,350, lr:(2.684e-04,2.684e-04,)] l_pix: 6.7222e-01 
19-11-18 19:23:43.142 - INFO: [epoch:  0, iter: 208,400, lr:(2.682e-04,2.682e-04,)] l_pix: 5.2010e-01 
19-11-18 19:25:42.851 - INFO: [epoch:  0, iter: 208,450, lr:(2.680e-04,2.680e-04,)] l_pix: 3.9912e-01 
19-11-18 19:27:30.478 - INFO: [epoch:  0, iter: 208,500, lr:(2.678e-04,2.678e-04,)] l_pix: 2.9498e-01 
19-11-18 19:29:31.933 - INFO: [epoch:  0, iter: 208,550, lr:(2.676e-04,2.676e-04,)] l_pix: 3.1051e-01 
19-11-18 19:31:26.833 - INFO: [epoch:  0, iter: 208,600, lr:(2.674e-04,2.674e-04,)] l_pix: 3.4833e-01 
19-11-18 19:33:27.873 - INFO: [epoch:  0, iter: 208,650, lr:(2.672e-04,2.672e-04,)] l_pix: 7.4978e-01 
19-11-18 19:35:22.935 - INFO: [epoch:  0, iter: 208,700, lr:(2.670e-04,2.670e-04,)] l_pix: 5.3024e-01 
19-11-18 19:37:32.514 - INFO: [epoch:  0, iter: 208,750, lr:(2.668e-04,2.668e-04,)] l_pix: 4.0928e-01 
19-11-18 19:39:31.010 - INFO: [epoch:  0, iter: 208,800, lr:(2.666e-04,2.666e-04,)] l_pix: 2.5806e-01 
19-11-18 19:41:27.951 - INFO: [epoch:  0, iter: 208,850, lr:(2.664e-04,2.664e-04,)] l_pix: 4.0021e-01 
19-11-18 19:43:16.713 - INFO: [epoch:  0, iter: 208,900, lr:(2.662e-04,2.662e-04,)] l_pix: 5.2144e-01 
19-11-18 19:45:06.061 - INFO: [epoch:  0, iter: 208,950, lr:(2.660e-04,2.660e-04,)] l_pix: 4.8426e-01 
19-11-18 19:47:13.079 - INFO: [epoch:  0, iter: 209,000, lr:(2.658e-04,2.658e-04,)] l_pix: 4.5765e-01 
19-11-18 19:49:06.448 - INFO: [epoch:  0, iter: 209,050, lr:(2.656e-04,2.656e-04,)] l_pix: 4.5546e-01 
19-11-18 19:51:09.140 - INFO: [epoch:  0, iter: 209,100, lr:(2.654e-04,2.654e-04,)] l_pix: 4.1337e-01 
19-11-18 19:53:10.346 - INFO: [epoch:  0, iter: 209,150, lr:(2.652e-04,2.652e-04,)] l_pix: 6.2083e-01 
19-11-18 19:55:17.598 - INFO: [epoch:  0, iter: 209,200, lr:(2.650e-04,2.650e-04,)] l_pix: 6.4001e-01 
19-11-18 19:57:12.873 - INFO: [epoch:  0, iter: 209,250, lr:(2.648e-04,2.648e-04,)] l_pix: 4.5426e-01 
19-11-18 19:59:08.765 - INFO: [epoch:  0, iter: 209,300, lr:(2.646e-04,2.646e-04,)] l_pix: 6.8700e-01 
19-11-18 20:01:02.578 - INFO: [epoch:  0, iter: 209,350, lr:(2.644e-04,2.644e-04,)] l_pix: 3.8893e-01 
19-11-18 20:02:55.787 - INFO: [epoch:  0, iter: 209,400, lr:(2.642e-04,2.642e-04,)] l_pix: 3.4859e-01 
19-11-18 20:04:26.448 - INFO: [epoch:  0, iter: 209,450, lr:(2.640e-04,2.640e-04,)] l_pix: 6.7524e-02 
19-11-18 20:06:29.757 - INFO: [epoch:  0, iter: 209,500, lr:(2.638e-04,2.638e-04,)] l_pix: 5.1164e-01 
19-11-18 20:08:20.792 - INFO: [epoch:  0, iter: 209,550, lr:(2.636e-04,2.636e-04,)] l_pix: 6.3917e-01 
19-11-18 20:10:19.757 - INFO: [epoch:  0, iter: 209,600, lr:(2.634e-04,2.634e-04,)] l_pix: 2.3385e-01 
19-11-18 20:12:06.134 - INFO: [epoch:  0, iter: 209,650, lr:(2.632e-04,2.632e-04,)] l_pix: 3.7754e-01 
19-11-18 20:13:56.103 - INFO: [epoch:  0, iter: 209,700, lr:(2.630e-04,2.630e-04,)] l_pix: 4.1047e-01 
19-11-18 20:15:51.629 - INFO: [epoch:  0, iter: 209,750, lr:(2.628e-04,2.628e-04,)] l_pix: 3.5338e-01 
19-11-18 20:17:53.167 - INFO: [epoch:  0, iter: 209,800, lr:(2.626e-04,2.626e-04,)] l_pix: 3.8189e-01 
19-11-18 20:19:54.201 - INFO: [epoch:  0, iter: 209,850, lr:(2.624e-04,2.624e-04,)] l_pix: 5.0033e-01 
19-11-18 20:21:49.777 - INFO: [epoch:  0, iter: 209,900, lr:(2.622e-04,2.622e-04,)] l_pix: 6.1974e-01 
19-11-18 20:23:52.909 - INFO: [epoch:  0, iter: 209,950, lr:(2.620e-04,2.620e-04,)] l_pix: 4.1909e-01 
19-11-18 20:25:40.229 - INFO: [epoch:  0, iter: 210,000, lr:(2.618e-04,2.618e-04,)] l_pix: 5.3643e-01 
19-11-18 22:09:51.359 - INFO: # Validation # PSNR: 3.5969e+01: 10091373: 3.8214e+01 10099858: 4.0065e+01 10126908: 3.8599e+01 10272022: 3.1455e+01 10306321: 3.1514e+01
19-11-18 22:09:51.372 - INFO: Saving models and training states.
19-11-18 22:11:48.156 - INFO: [epoch:  0, iter: 210,050, lr:(2.616e-04,2.616e-04,)] l_pix: 2.4981e-01 
19-11-18 22:13:49.978 - INFO: [epoch:  0, iter: 210,100, lr:(2.614e-04,2.614e-04,)] l_pix: 3.5481e-01 
19-11-18 22:15:50.606 - INFO: [epoch:  0, iter: 210,150, lr:(2.612e-04,2.612e-04,)] l_pix: 2.3859e-01 
19-11-18 22:17:46.726 - INFO: [epoch:  0, iter: 210,200, lr:(2.610e-04,2.610e-04,)] l_pix: 8.0569e-01 
19-11-18 22:19:43.026 - INFO: [epoch:  0, iter: 210,250, lr:(2.608e-04,2.608e-04,)] l_pix: 5.3820e-01 
19-11-18 22:21:38.190 - INFO: [epoch:  0, iter: 210,300, lr:(2.606e-04,2.606e-04,)] l_pix: 3.6976e-01 
19-11-18 22:23:27.887 - INFO: [epoch:  0, iter: 210,350, lr:(2.604e-04,2.604e-04,)] l_pix: 1.6643e-01 
19-11-18 22:25:27.773 - INFO: [epoch:  0, iter: 210,400, lr:(2.602e-04,2.602e-04,)] l_pix: 5.1433e-01 
19-11-18 22:27:22.472 - INFO: [epoch:  0, iter: 210,450, lr:(2.600e-04,2.600e-04,)] l_pix: 2.8322e-01 
19-11-18 22:29:07.109 - INFO: [epoch:  0, iter: 210,500, lr:(2.598e-04,2.598e-04,)] l_pix: 6.1982e-01 
19-11-18 22:30:41.288 - INFO: [epoch:  0, iter: 210,550, lr:(2.596e-04,2.596e-04,)] l_pix: 2.7354e-01 
19-11-18 22:32:25.280 - INFO: [epoch:  0, iter: 210,600, lr:(2.594e-04,2.594e-04,)] l_pix: 4.0368e-01 
19-11-18 22:34:18.075 - INFO: [epoch:  0, iter: 210,650, lr:(2.592e-04,2.592e-04,)] l_pix: 3.7488e-01 
19-11-18 22:36:36.622 - INFO: [epoch:  0, iter: 210,700, lr:(2.590e-04,2.590e-04,)] l_pix: 3.8215e-01 
19-11-18 22:38:34.828 - INFO: [epoch:  0, iter: 210,750, lr:(2.588e-04,2.588e-04,)] l_pix: 4.4404e-01 
19-11-18 22:40:28.336 - INFO: [epoch:  0, iter: 210,800, lr:(2.586e-04,2.586e-04,)] l_pix: 4.1034e-01 
19-11-18 22:42:38.798 - INFO: [epoch:  0, iter: 210,850, lr:(2.584e-04,2.584e-04,)] l_pix: 1.0548e+00 
19-11-18 22:44:09.742 - INFO: [epoch:  0, iter: 210,900, lr:(2.582e-04,2.582e-04,)] l_pix: 3.9899e-01 
19-11-18 22:46:11.265 - INFO: [epoch:  0, iter: 210,950, lr:(2.580e-04,2.580e-04,)] l_pix: 4.1070e-01 
19-11-18 22:47:56.289 - INFO: [epoch:  0, iter: 211,000, lr:(2.578e-04,2.578e-04,)] l_pix: 9.4497e-01 
19-11-18 22:49:41.799 - INFO: [epoch:  0, iter: 211,050, lr:(2.576e-04,2.576e-04,)] l_pix: 4.5832e-01 
19-11-18 22:51:30.001 - INFO: [epoch:  0, iter: 211,100, lr:(2.574e-04,2.574e-04,)] l_pix: 4.1545e-01 
19-11-18 22:53:27.131 - INFO: [epoch:  0, iter: 211,150, lr:(2.572e-04,2.572e-04,)] l_pix: 6.3249e-01 
19-11-18 22:55:20.908 - INFO: [epoch:  0, iter: 211,200, lr:(2.570e-04,2.570e-04,)] l_pix: 3.3278e-01 
19-11-18 22:57:20.678 - INFO: [epoch:  0, iter: 211,250, lr:(2.568e-04,2.568e-04,)] l_pix: 4.0081e-01 
19-11-18 22:59:07.983 - INFO: [epoch:  0, iter: 211,300, lr:(2.566e-04,2.566e-04,)] l_pix: 4.5882e-01 
19-11-18 23:00:52.704 - INFO: [epoch:  0, iter: 211,350, lr:(2.564e-04,2.564e-04,)] l_pix: 6.5999e-01 
19-11-18 23:02:41.119 - INFO: [epoch:  0, iter: 211,400, lr:(2.562e-04,2.562e-04,)] l_pix: 3.4261e-01 
19-11-18 23:04:35.582 - INFO: [epoch:  0, iter: 211,450, lr:(2.560e-04,2.560e-04,)] l_pix: 5.6646e-01 
19-11-18 23:06:23.163 - INFO: [epoch:  0, iter: 211,500, lr:(2.558e-04,2.558e-04,)] l_pix: 7.3550e-01 
19-11-18 23:08:15.363 - INFO: [epoch:  0, iter: 211,550, lr:(2.556e-04,2.556e-04,)] l_pix: 4.5452e-01 
19-11-18 23:10:09.384 - INFO: [epoch:  0, iter: 211,600, lr:(2.554e-04,2.554e-04,)] l_pix: 2.5329e-01 
19-11-18 23:12:00.769 - INFO: [epoch:  0, iter: 211,650, lr:(2.552e-04,2.552e-04,)] l_pix: 5.2864e-01 
19-11-18 23:13:49.398 - INFO: [epoch:  0, iter: 211,700, lr:(2.550e-04,2.550e-04,)] l_pix: 3.9288e-01 
19-11-18 23:15:45.028 - INFO: [epoch:  0, iter: 211,750, lr:(2.548e-04,2.548e-04,)] l_pix: 3.4061e-01 
19-11-18 23:17:34.180 - INFO: [epoch:  0, iter: 211,800, lr:(2.546e-04,2.546e-04,)] l_pix: 4.6865e-01 
19-11-18 23:19:20.649 - INFO: [epoch:  0, iter: 211,850, lr:(2.544e-04,2.544e-04,)] l_pix: 3.0885e-01 
19-11-18 23:21:14.589 - INFO: [epoch:  0, iter: 211,900, lr:(2.542e-04,2.542e-04,)] l_pix: 4.6381e-01 
19-11-18 23:23:05.240 - INFO: [epoch:  0, iter: 211,950, lr:(2.540e-04,2.540e-04,)] l_pix: 5.7893e-01 
19-11-18 23:24:52.096 - INFO: [epoch:  0, iter: 212,000, lr:(2.538e-04,2.538e-04,)] l_pix: 5.6426e-01 
19-11-18 23:26:44.209 - INFO: [epoch:  0, iter: 212,050, lr:(2.536e-04,2.536e-04,)] l_pix: 4.2752e-01 
19-11-18 23:28:46.549 - INFO: [epoch:  0, iter: 212,100, lr:(2.534e-04,2.534e-04,)] l_pix: 3.2305e-01 
19-11-18 23:30:42.327 - INFO: [epoch:  0, iter: 212,150, lr:(2.532e-04,2.532e-04,)] l_pix: 4.9645e-01 
19-11-18 23:32:40.866 - INFO: [epoch:  0, iter: 212,200, lr:(2.530e-04,2.530e-04,)] l_pix: 4.3770e-01 
19-11-18 23:34:26.794 - INFO: [epoch:  0, iter: 212,250, lr:(2.528e-04,2.528e-04,)] l_pix: 4.8027e-01 
19-11-18 23:36:22.576 - INFO: [epoch:  0, iter: 212,300, lr:(2.526e-04,2.526e-04,)] l_pix: 6.2707e-01 
19-11-18 23:38:13.946 - INFO: [epoch:  0, iter: 212,350, lr:(2.524e-04,2.524e-04,)] l_pix: 5.0786e-01 
19-11-18 23:39:54.023 - INFO: [epoch:  0, iter: 212,400, lr:(2.522e-04,2.522e-04,)] l_pix: 2.8944e-01 
19-11-18 23:41:41.710 - INFO: [epoch:  0, iter: 212,450, lr:(2.520e-04,2.520e-04,)] l_pix: 6.9315e-01 
19-11-18 23:43:23.138 - INFO: [epoch:  0, iter: 212,500, lr:(2.518e-04,2.518e-04,)] l_pix: 4.3451e-01 
19-11-18 23:45:19.549 - INFO: [epoch:  0, iter: 212,550, lr:(2.516e-04,2.516e-04,)] l_pix: 6.3837e-01 
19-11-18 23:47:14.186 - INFO: [epoch:  0, iter: 212,600, lr:(2.514e-04,2.514e-04,)] l_pix: 9.6336e-01 
19-11-18 23:48:52.867 - INFO: [epoch:  0, iter: 212,650, lr:(2.512e-04,2.512e-04,)] l_pix: 4.4970e-01 
19-11-18 23:50:41.514 - INFO: [epoch:  0, iter: 212,700, lr:(2.510e-04,2.510e-04,)] l_pix: 3.0325e-01 
19-11-18 23:52:40.168 - INFO: [epoch:  0, iter: 212,750, lr:(2.508e-04,2.508e-04,)] l_pix: 7.4243e-01 
19-11-18 23:54:27.291 - INFO: [epoch:  0, iter: 212,800, lr:(2.506e-04,2.506e-04,)] l_pix: 6.2925e-01 
19-11-18 23:55:58.818 - INFO: [epoch:  0, iter: 212,850, lr:(2.504e-04,2.504e-04,)] l_pix: 5.8376e-01 
19-11-18 23:57:31.018 - INFO: [epoch:  0, iter: 212,900, lr:(2.502e-04,2.502e-04,)] l_pix: 3.7833e-01 
19-11-18 23:59:22.068 - INFO: [epoch:  0, iter: 212,950, lr:(2.500e-04,2.500e-04,)] l_pix: 3.6552e-01 
19-11-19 00:01:10.881 - INFO: [epoch:  0, iter: 213,000, lr:(2.498e-04,2.498e-04,)] l_pix: 3.9133e-01 
19-11-19 00:03:11.501 - INFO: [epoch:  0, iter: 213,050, lr:(2.496e-04,2.496e-04,)] l_pix: 4.4826e-01 
19-11-19 00:04:47.981 - INFO: [epoch:  0, iter: 213,100, lr:(2.494e-04,2.494e-04,)] l_pix: 2.9568e-01 
19-11-19 00:06:43.079 - INFO: [epoch:  0, iter: 213,150, lr:(2.492e-04,2.492e-04,)] l_pix: 5.6661e-01 
19-11-19 00:08:20.165 - INFO: [epoch:  0, iter: 213,200, lr:(2.490e-04,2.490e-04,)] l_pix: 3.7124e-01 
19-11-19 00:10:09.308 - INFO: [epoch:  0, iter: 213,250, lr:(2.488e-04,2.488e-04,)] l_pix: 4.8652e-01 
19-11-19 00:11:56.309 - INFO: [epoch:  0, iter: 213,300, lr:(2.486e-04,2.486e-04,)] l_pix: 7.2624e-01 
19-11-19 00:13:49.953 - INFO: [epoch:  0, iter: 213,350, lr:(2.484e-04,2.484e-04,)] l_pix: 3.1926e-01 
19-11-19 00:15:37.046 - INFO: [epoch:  0, iter: 213,400, lr:(2.482e-04,2.482e-04,)] l_pix: 5.2109e-01 
19-11-19 00:17:38.306 - INFO: [epoch:  0, iter: 213,450, lr:(2.480e-04,2.480e-04,)] l_pix: 4.2139e-01 
19-11-19 00:19:30.871 - INFO: [epoch:  0, iter: 213,500, lr:(2.477e-04,2.477e-04,)] l_pix: 7.7631e-01 
19-11-19 00:21:17.917 - INFO: [epoch:  0, iter: 213,550, lr:(2.475e-04,2.475e-04,)] l_pix: 4.1312e-01 
19-11-19 00:23:07.848 - INFO: [epoch:  0, iter: 213,600, lr:(2.473e-04,2.473e-04,)] l_pix: 9.4895e-01 
19-11-19 00:24:56.119 - INFO: [epoch:  0, iter: 213,650, lr:(2.471e-04,2.471e-04,)] l_pix: 5.1488e-01 
19-11-19 00:26:51.101 - INFO: [epoch:  0, iter: 213,700, lr:(2.469e-04,2.469e-04,)] l_pix: 2.8576e-01 
19-11-19 00:28:40.473 - INFO: [epoch:  0, iter: 213,750, lr:(2.467e-04,2.467e-04,)] l_pix: 4.2595e-01 
19-11-19 00:30:32.481 - INFO: [epoch:  0, iter: 213,800, lr:(2.465e-04,2.465e-04,)] l_pix: 8.2403e-01 
19-11-19 00:32:28.638 - INFO: [epoch:  0, iter: 213,850, lr:(2.463e-04,2.463e-04,)] l_pix: 3.2307e-01 
19-11-19 00:34:22.137 - INFO: [epoch:  0, iter: 213,900, lr:(2.461e-04,2.461e-04,)] l_pix: 4.1662e-01 
19-11-19 00:36:31.954 - INFO: [epoch:  0, iter: 213,950, lr:(2.459e-04,2.459e-04,)] l_pix: 9.4064e-01 
19-11-19 00:38:14.551 - INFO: [epoch:  0, iter: 214,000, lr:(2.457e-04,2.457e-04,)] l_pix: 5.6311e-01 
19-11-19 00:39:49.322 - INFO: [epoch:  0, iter: 214,050, lr:(2.455e-04,2.455e-04,)] l_pix: 4.5727e-01 
19-11-19 00:41:35.878 - INFO: [epoch:  0, iter: 214,100, lr:(2.453e-04,2.453e-04,)] l_pix: 4.1747e-01 
19-11-19 00:43:35.749 - INFO: [epoch:  0, iter: 214,150, lr:(2.451e-04,2.451e-04,)] l_pix: 2.7878e-01 
19-11-19 00:45:51.297 - INFO: [epoch:  0, iter: 214,200, lr:(2.449e-04,2.449e-04,)] l_pix: 4.0058e-01 
19-11-19 00:47:47.925 - INFO: [epoch:  0, iter: 214,250, lr:(2.447e-04,2.447e-04,)] l_pix: 6.0905e-01 
19-11-19 00:49:35.786 - INFO: [epoch:  0, iter: 214,300, lr:(2.445e-04,2.445e-04,)] l_pix: 2.7724e-01 
19-11-19 00:51:25.280 - INFO: [epoch:  0, iter: 214,350, lr:(2.443e-04,2.443e-04,)] l_pix: 6.3723e-01 
19-11-19 00:53:33.279 - INFO: [epoch:  0, iter: 214,400, lr:(2.441e-04,2.441e-04,)] l_pix: 6.6361e-01 
19-11-19 00:55:22.909 - INFO: [epoch:  0, iter: 214,450, lr:(2.439e-04,2.439e-04,)] l_pix: 5.9178e-01 
19-11-19 00:57:04.427 - INFO: [epoch:  0, iter: 214,500, lr:(2.437e-04,2.437e-04,)] l_pix: 4.5920e-01 
19-11-19 00:58:41.755 - INFO: [epoch:  0, iter: 214,550, lr:(2.435e-04,2.435e-04,)] l_pix: 3.3695e-01 
19-11-19 01:00:13.181 - INFO: [epoch:  0, iter: 214,600, lr:(2.433e-04,2.433e-04,)] l_pix: 3.8842e-01 
19-11-19 01:02:11.942 - INFO: [epoch:  0, iter: 214,650, lr:(2.431e-04,2.431e-04,)] l_pix: 6.7868e-01 
19-11-19 01:04:08.236 - INFO: [epoch:  0, iter: 214,700, lr:(2.429e-04,2.429e-04,)] l_pix: 3.3607e-01 
19-11-19 01:06:04.026 - INFO: [epoch:  0, iter: 214,750, lr:(2.426e-04,2.426e-04,)] l_pix: 3.2165e-01 
19-11-19 01:07:57.075 - INFO: [epoch:  0, iter: 214,800, lr:(2.424e-04,2.424e-04,)] l_pix: 3.5797e-01 
19-11-19 01:09:52.477 - INFO: [epoch:  0, iter: 214,850, lr:(2.422e-04,2.422e-04,)] l_pix: 1.9232e-01 
19-11-19 01:11:58.531 - INFO: [epoch:  0, iter: 214,900, lr:(2.420e-04,2.420e-04,)] l_pix: 4.4180e-01 
19-11-19 01:13:35.147 - INFO: [epoch:  0, iter: 214,950, lr:(2.418e-04,2.418e-04,)] l_pix: 5.4271e-01 
19-11-19 01:15:24.003 - INFO: [epoch:  0, iter: 215,000, lr:(2.416e-04,2.416e-04,)] l_pix: 5.6427e-01 
19-11-19 02:36:21.619 - INFO: # Validation # PSNR: 3.6023e+01: 10091373: 3.8174e+01 10099858: 4.0082e+01 10126908: 3.8613e+01 10272022: 3.1573e+01 10306321: 3.1676e+01
19-11-19 02:36:21.620 - INFO: Saving models and training states.
19-11-19 02:37:47.432 - INFO: [epoch:  0, iter: 215,050, lr:(2.414e-04,2.414e-04,)] l_pix: 5.5926e-01 
